[2025-07-17 09:58:57] [DEBUG] [/Users/guanlin/Desktop/gps_project/PetTracker/core/init/initMachine.go:36] [36m âœ… MariaDBè³‡æ–™åº«é€£æ¥æˆåŠŸ[0m
[2025-07-17 09:58:57] [DEBUG] [/Users/guanlin/Desktop/gps_project/PetTracker/core/init/initMachine.go:68] [36m âœ… Redisè³‡æ–™åº«é€£æ¥æˆåŠŸ[0m
[2025-07-17 09:58:57] [INFO] [/Users/guanlin/Desktop/gps_project/PetTracker/main/main.go:18] [32m http server å·²å•Ÿå‹•, ä½¿ç”¨ PORT: 8000[0m
[2025-07-17 09:59:00] [ERROR] [/Users/guanlin/Desktop/gps_project/PetTracker/service/member/register.go:110] [31må»ºç«‹ä½¿ç”¨è€…æ­·å²å¯†ç¢¼å¤±æ•—, error: Error 1054 (42S22): Unknown column 'uuid' in 'INSERT INTO'[0m
[2025-07-17 10:00:00] [INFO] [/Users/guanlin/Desktop/gps_project/PetTracker/cron/routine.go:36] [32mæ¯å°æ™‚åŸ·è¡Œç¨‹åº, ç¾åœ¨æ™‚é–“: 10:00:00[0m
[2025-07-17 10:00:00] [INFO] [/Users/guanlin/Desktop/gps_project/PetTracker/cron/routine.go:37] [32må°æ™‚åŸ·è¡Œå®Œç•¢[0m
[2025-07-17 10:00:00] [INFO] [/Users/guanlin/Desktop/gps_project/PetTracker/cron/routine.go:29] [32mæ¯åŠå°æ™‚åŸ·è¡Œç¨‹åº, ç¾åœ¨æ™‚é–“: 10:00:00[0m
[2025-07-17 10:00:00] [INFO] [/Users/guanlin/Desktop/gps_project/PetTracker/cron/persist/gps.go:18] [32mé–‹å§‹åŸ·è¡Œ GPS DATA æŒä¹…åŒ–...[0m
[2025-07-17 10:00:00] [DEBUG] [/Users/guanlin/Desktop/gps_project/PetTracker/cron/persist/gps.go:27] [36må–å¾— 0 ç­†è£ç½®è³‡æ–™, é–‹å§‹è®€å–[0m
[2025-07-17 10:00:00] [INFO] [/Users/guanlin/Desktop/gps_project/PetTracker/cron/routine.go:31] [32måŠå°æ™‚åŸ·è¡Œå®Œç•¢[0m
[2025-07-17 10:01:48] [DEBUG] [/Users/guanlin/Desktop/gps_project/PetTracker/core/init/initMachine.go:36] [36m âœ… MariaDBè³‡æ–™åº«é€£æ¥æˆåŠŸ[0m
[2025-07-17 10:01:48] [DEBUG] [/Users/guanlin/Desktop/gps_project/PetTracker/core/init/initMachine.go:68] [36m âœ… Redisè³‡æ–™åº«é€£æ¥æˆåŠŸ[0m
[2025-07-17 10:01:48] [INFO] [/Users/guanlin/Desktop/gps_project/PetTracker/main/main.go:18] [32m http server å·²å•Ÿå‹•, ä½¿ç”¨ PORT: 8000[0m
[2025-07-17 10:04:35] [DEBUG] [/Users/guanlin/Desktop/gps_project/PetTracker/core/init/initMachine.go:36] [36m âœ… MariaDBè³‡æ–™åº«é€£æ¥æˆåŠŸ[0m
[2025-07-17 10:04:35] [DEBUG] [/Users/guanlin/Desktop/gps_project/PetTracker/core/init/initMachine.go:68] [36m âœ… Redisè³‡æ–™åº«é€£æ¥æˆåŠŸ[0m
[2025-07-17 10:04:35] [INFO] [/Users/guanlin/Desktop/gps_project/PetTracker/main/main.go:18] [32m http server å·²å•Ÿå‹•, ä½¿ç”¨ PORT: 8000[0m
[2025-07-17 10:08:03] [DEBUG] [/Users/guanlin/Desktop/gps_project/PetTracker/core/init/initMachine.go:36] [36m âœ… MariaDBè³‡æ–™åº«é€£æ¥æˆåŠŸ[0m
[2025-07-17 10:08:03] [DEBUG] [/Users/guanlin/Desktop/gps_project/PetTracker/core/init/initMachine.go:68] [36m âœ… Redisè³‡æ–™åº«é€£æ¥æˆåŠŸ[0m
[2025-07-17 10:08:03] [INFO] [/Users/guanlin/Desktop/gps_project/PetTracker/main/main.go:18] [32m http server å·²å•Ÿå‹•, ä½¿ç”¨ PORT: 8000[0m
[2025-07-17 10:08:51] [DEBUG] [/Users/guanlin/Desktop/gps_project/PetTracker/core/init/initMachine.go:36] [36m âœ… MariaDBè³‡æ–™åº«é€£æ¥æˆåŠŸ[0m
[2025-07-17 10:08:51] [DEBUG] [/Users/guanlin/Desktop/gps_project/PetTracker/core/init/initMachine.go:68] [36m âœ… Redisè³‡æ–™åº«é€£æ¥æˆåŠŸ[0m
[2025-07-17 10:08:51] [INFO] [/Users/guanlin/Desktop/gps_project/PetTracker/main/main.go:18] [32m http server å·²å•Ÿå‹•, ä½¿ç”¨ PORT: 8000[0m
[2025-07-17 10:09:20] [ERROR] [/Users/guanlin/Desktop/gps_project/PetTracker/service/device/create.go:39] [31mfailed to increment sequence in Redis: ERR value is not an integer or out of range[0m
[2025-07-17 10:13:57] [DEBUG] [/Users/guanlin/Desktop/gps_project/PetTracker/core/init/initMachine.go:36] [36m âœ… MariaDBè³‡æ–™åº«é€£æ¥æˆåŠŸ[0m
[2025-07-17 10:13:57] [DEBUG] [/Users/guanlin/Desktop/gps_project/PetTracker/core/init/initMachine.go:68] [36m âœ… Redisè³‡æ–™åº«é€£æ¥æˆåŠŸ[0m
[2025-07-17 10:13:57] [INFO] [/Users/guanlin/Desktop/gps_project/PetTracker/main/main.go:18] [32m http server å·²å•Ÿå‹•, ä½¿ç”¨ PORT: 8000[0m
[2025-07-17 10:14:18] [DEBUG] [/Users/guanlin/Desktop/gps_project/PetTracker/core/init/initMachine.go:36] [36m âœ… MariaDBè³‡æ–™åº«é€£æ¥æˆåŠŸ[0m
[2025-07-17 10:14:18] [DEBUG] [/Users/guanlin/Desktop/gps_project/PetTracker/core/init/initMachine.go:68] [36m âœ… Redisè³‡æ–™åº«é€£æ¥æˆåŠŸ[0m
[2025-07-17 10:14:18] [INFO] [/Users/guanlin/Desktop/gps_project/PetTracker/main/main.go:18] [32m http server å·²å•Ÿå‹•, ä½¿ç”¨ PORT: 8000[0m
[2025-07-17 10:34:19] [DEBUG] [/Users/guanlin/Desktop/gps_project/PetTracker/core/init/initMachine.go:36] [36m âœ… MariaDBè³‡æ–™åº«é€£æ¥æˆåŠŸ[0m
[2025-07-17 10:34:19] [DEBUG] [/Users/guanlin/Desktop/gps_project/PetTracker/core/init/initMachine.go:68] [36m âœ… Redisè³‡æ–™åº«é€£æ¥æˆåŠŸ[0m
[2025-07-17 10:34:19] [INFO] [/Users/guanlin/Desktop/gps_project/PetTracker/main/main.go:18] [32m http server å·²å•Ÿå‹•, ä½¿ç”¨ PORT: 8000[0m
[2025-07-17 10:35:25] [DEBUG] [/Users/guanlin/Desktop/gps_project/PetTracker/core/init/initMachine.go:36] [36m âœ… MariaDBè³‡æ–™åº«é€£æ¥æˆåŠŸ[0m
[2025-07-17 10:35:25] [DEBUG] [/Users/guanlin/Desktop/gps_project/PetTracker/core/init/initMachine.go:68] [36m âœ… Redisè³‡æ–™åº«é€£æ¥æˆåŠŸ[0m
[2025-07-17 10:35:25] [INFO] [/Users/guanlin/Desktop/gps_project/PetTracker/main/main.go:18] [32m http server å·²å•Ÿå‹•, ä½¿ç”¨ PORT: 8000[0m
[2025-07-17 10:36:13] [DEBUG] [/Users/guanlin/Desktop/gps_project/PetTracker/core/init/initMachine.go:36] [36m âœ… MariaDBè³‡æ–™åº«é€£æ¥æˆåŠŸ[0m
[2025-07-17 10:36:13] [DEBUG] [/Users/guanlin/Desktop/gps_project/PetTracker/core/init/initMachine.go:68] [36m âœ… Redisè³‡æ–™åº«é€£æ¥æˆåŠŸ[0m
[2025-07-17 10:36:13] [DEBUG] [/Users/guanlin/Desktop/gps_project/PetTracker/core/init/initSetting.go:18] [36mæˆåŠŸåˆå§‹åŒ–è£ç½®è¨­å®š[0m
[2025-07-17 10:36:13] [INFO] [/Users/guanlin/Desktop/gps_project/PetTracker/main/main.go:18] [32m http server å·²å•Ÿå‹•, ä½¿ç”¨ PORT: 8000[0m
[2025-07-17 10:36:53] [DEBUG] [/Users/guanlin/Desktop/gps_project/PetTracker/core/init/initMachine.go:36] [36m âœ… MariaDBè³‡æ–™åº«é€£æ¥æˆåŠŸ[0m
[2025-07-17 10:36:53] [DEBUG] [/Users/guanlin/Desktop/gps_project/PetTracker/core/init/initMachine.go:68] [36m âœ… Redisè³‡æ–™åº«é€£æ¥æˆåŠŸ[0m
[2025-07-17 10:36:53] [DEBUG] [/Users/guanlin/Desktop/gps_project/PetTracker/core/init/initSetting.go:18] [36m âœ… æˆåŠŸåˆå§‹åŒ–è£ç½®è¨­å®š[0m
[2025-07-17 10:36:53] [INFO] [/Users/guanlin/Desktop/gps_project/PetTracker/main/main.go:18] [32m http server å·²å•Ÿå‹•, ä½¿ç”¨ PORT: 8000[0m
[2025-07-17 10:41:05] [DEBUG] [/Users/guanlin/Desktop/gps_project/PetTracker/core/init/initMachine.go:36] [36m âœ… MariaDBè³‡æ–™åº«é€£æ¥æˆåŠŸ[0m
[2025-07-17 10:41:05] [DEBUG] [/Users/guanlin/Desktop/gps_project/PetTracker/core/init/initMachine.go:68] [36m âœ… Redisè³‡æ–™åº«é€£æ¥æˆåŠŸ[0m
[2025-07-17 10:41:05] [DEBUG] [/Users/guanlin/Desktop/gps_project/PetTracker/core/init/initSetting.go:18] [36m âœ… æˆåŠŸåˆå§‹åŒ–è£ç½®è¨­å®š[0m
[2025-07-17 10:41:05] [INFO] [/Users/guanlin/Desktop/gps_project/PetTracker/main/main.go:18] [32m http server å·²å•Ÿå‹•, ä½¿ç”¨ PORT: 8000[0m
[2025-07-17 10:46:56] [DEBUG] [/Users/guanlin/Desktop/gps_project/PetTracker/core/init/initMachine.go:36] [36m âœ… MariaDBè³‡æ–™åº«é€£æ¥æˆåŠŸ[0m
[2025-07-17 10:46:56] [DEBUG] [/Users/guanlin/Desktop/gps_project/PetTracker/core/init/initMachine.go:68] [36m âœ… Redisè³‡æ–™åº«é€£æ¥æˆåŠŸ[0m
[2025-07-17 10:46:56] [DEBUG] [/Users/guanlin/Desktop/gps_project/PetTracker/core/init/initSetting.go:18] [36m âœ… æˆåŠŸåˆå§‹åŒ–è£ç½®è¨­å®š[0m
[2025-07-17 10:46:56] [INFO] [/Users/guanlin/Desktop/gps_project/PetTracker/main/main.go:18] [32m http server å·²å•Ÿå‹•, ä½¿ç”¨ PORT: 8000[0m
[2025-07-17 10:49:34] [DEBUG] [/Users/guanlin/Desktop/gps_project/PetTracker/core/init/initMachine.go:36] [36m âœ… MariaDBè³‡æ–™åº«é€£æ¥æˆåŠŸ[0m
[2025-07-17 10:49:34] [DEBUG] [/Users/guanlin/Desktop/gps_project/PetTracker/core/init/initMachine.go:68] [36m âœ… Redisè³‡æ–™åº«é€£æ¥æˆåŠŸ[0m
[2025-07-17 10:49:34] [DEBUG] [/Users/guanlin/Desktop/gps_project/PetTracker/core/init/initSetting.go:18] [36m âœ… æˆåŠŸåˆå§‹åŒ–è£ç½®è¨­å®š[0m
[2025-07-17 10:49:34] [INFO] [/Users/guanlin/Desktop/gps_project/PetTracker/main/main.go:18] [32m http server å·²å•Ÿå‹•, ä½¿ç”¨ PORT: 8000[0m
[2025-07-17 10:54:37] [DEBUG] [/Users/guanlin/Desktop/gps_project/PetTracker/core/init/initMachine.go:36] [36m âœ… MariaDBè³‡æ–™åº«é€£æ¥æˆåŠŸ[0m
[2025-07-17 10:54:37] [DEBUG] [/Users/guanlin/Desktop/gps_project/PetTracker/core/init/initMachine.go:68] [36m âœ… Redisè³‡æ–™åº«é€£æ¥æˆåŠŸ[0m
[2025-07-17 10:54:37] [DEBUG] [/Users/guanlin/Desktop/gps_project/PetTracker/core/init/initSetting.go:18] [36m âœ… æˆåŠŸåˆå§‹åŒ–è£ç½®è¨­å®š[0m
[2025-07-17 10:54:37] [INFO] [/Users/guanlin/Desktop/gps_project/PetTracker/main/main.go:18] [32m http server å·²å•Ÿå‹•, ä½¿ç”¨ PORT: 8000[0m
[2025-07-17 11:00:00] [INFO] [/Users/guanlin/Desktop/gps_project/PetTracker/cron/routine.go:36] [32mæ¯å°æ™‚åŸ·è¡Œç¨‹åº, ç¾åœ¨æ™‚é–“: 11:00:00[0m
[2025-07-17 11:00:00] [INFO] [/Users/guanlin/Desktop/gps_project/PetTracker/cron/routine.go:37] [32må°æ™‚åŸ·è¡Œå®Œç•¢[0m
[2025-07-17 11:00:00] [INFO] [/Users/guanlin/Desktop/gps_project/PetTracker/cron/routine.go:29] [32mæ¯åŠå°æ™‚åŸ·è¡Œç¨‹åº, ç¾åœ¨æ™‚é–“: 11:00:00[0m
[2025-07-17 11:00:00] [INFO] [/Users/guanlin/Desktop/gps_project/PetTracker/cron/persist/gps.go:18] [32mé–‹å§‹åŸ·è¡Œ GPS DATA æŒä¹…åŒ–...[0m
[2025-07-17 11:00:00] [DEBUG] [/Users/guanlin/Desktop/gps_project/PetTracker/cron/persist/gps.go:27] [36må–å¾— 0 ç­†è£ç½®è³‡æ–™, é–‹å§‹è®€å–[0m
[2025-07-17 11:00:00] [INFO] [/Users/guanlin/Desktop/gps_project/PetTracker/cron/routine.go:31] [32måŠå°æ™‚åŸ·è¡Œå®Œç•¢[0m
[2025-07-17 11:13:37] [DEBUG] [/Users/guanlin/Desktop/gps_project/PetTracker/core/init/initMachine.go:36] [36m âœ… MariaDBè³‡æ–™åº«é€£æ¥æˆåŠŸ[0m
[2025-07-17 11:13:37] [DEBUG] [/Users/guanlin/Desktop/gps_project/PetTracker/core/init/initMachine.go:68] [36m âœ… Redisè³‡æ–™åº«é€£æ¥æˆåŠŸ[0m
[2025-07-17 11:13:37] [DEBUG] [/Users/guanlin/Desktop/gps_project/PetTracker/core/init/initSetting.go:18] [36m âœ… æˆåŠŸåˆå§‹åŒ–è£ç½®è¨­å®š[0m
[2025-07-17 11:13:37] [INFO] [/Users/guanlin/Desktop/gps_project/PetTracker/main/main.go:18] [32m http server å·²å•Ÿå‹•, ä½¿ç”¨ PORT: 8000[0m
[2025-07-17 11:30:00] [INFO] [/Users/guanlin/Desktop/gps_project/PetTracker/cron/routine.go:29] [32mæ¯åŠå°æ™‚åŸ·è¡Œç¨‹åº, ç¾åœ¨æ™‚é–“: 11:30:00[0m
[2025-07-17 11:30:00] [INFO] [/Users/guanlin/Desktop/gps_project/PetTracker/cron/persist/gps.go:18] [32mé–‹å§‹åŸ·è¡Œ GPS DATA æŒä¹…åŒ–...[0m
[2025-07-17 11:30:00] [DEBUG] [/Users/guanlin/Desktop/gps_project/PetTracker/cron/persist/gps.go:27] [36må–å¾— 0 ç­†è£ç½®è³‡æ–™, é–‹å§‹è®€å–[0m
[2025-07-17 11:30:00] [INFO] [/Users/guanlin/Desktop/gps_project/PetTracker/cron/routine.go:31] [32måŠå°æ™‚åŸ·è¡Œå®Œç•¢[0m
[2025-07-17 12:00:00] [INFO] [/Users/guanlin/Desktop/gps_project/PetTracker/cron/routine.go:29] [32mæ¯åŠå°æ™‚åŸ·è¡Œç¨‹åº, ç¾åœ¨æ™‚é–“: 12:00:00[0m
[2025-07-17 12:00:00] [INFO] [/Users/guanlin/Desktop/gps_project/PetTracker/cron/routine.go:36] [32mæ¯å°æ™‚åŸ·è¡Œç¨‹åº, ç¾åœ¨æ™‚é–“: 12:00:00[0m
[2025-07-17 12:00:00] [INFO] [/Users/guanlin/Desktop/gps_project/PetTracker/cron/persist/gps.go:18] [32mé–‹å§‹åŸ·è¡Œ GPS DATA æŒä¹…åŒ–...[0m
[2025-07-17 12:00:00] [INFO] [/Users/guanlin/Desktop/gps_project/PetTracker/cron/routine.go:37] [32må°æ™‚åŸ·è¡Œå®Œç•¢[0m
[2025-07-17 12:00:00] [DEBUG] [/Users/guanlin/Desktop/gps_project/PetTracker/cron/persist/gps.go:27] [36må–å¾— 0 ç­†è£ç½®è³‡æ–™, é–‹å§‹è®€å–[0m
[2025-07-17 12:00:00] [INFO] [/Users/guanlin/Desktop/gps_project/PetTracker/cron/routine.go:31] [32måŠå°æ™‚åŸ·è¡Œå®Œç•¢[0m
[2025-07-17 12:30:00] [INFO] [/Users/guanlin/Desktop/gps_project/PetTracker/cron/routine.go:29] [32mæ¯åŠå°æ™‚åŸ·è¡Œç¨‹åº, ç¾åœ¨æ™‚é–“: 12:30:00[0m
[2025-07-17 12:30:00] [INFO] [/Users/guanlin/Desktop/gps_project/PetTracker/cron/persist/gps.go:18] [32mé–‹å§‹åŸ·è¡Œ GPS DATA æŒä¹…åŒ–...[0m
[2025-07-17 12:30:00] [DEBUG] [/Users/guanlin/Desktop/gps_project/PetTracker/cron/persist/gps.go:27] [36må–å¾— 0 ç­†è£ç½®è³‡æ–™, é–‹å§‹è®€å–[0m
[2025-07-17 12:30:00] [INFO] [/Users/guanlin/Desktop/gps_project/PetTracker/cron/routine.go:31] [32måŠå°æ™‚åŸ·è¡Œå®Œç•¢[0m
[2025-07-17 13:00:00] [INFO] [/Users/guanlin/Desktop/gps_project/PetTracker/cron/routine.go:36] [32mæ¯å°æ™‚åŸ·è¡Œç¨‹åº, ç¾åœ¨æ™‚é–“: 13:00:00[0m
[2025-07-17 13:00:00] [INFO] [/Users/guanlin/Desktop/gps_project/PetTracker/cron/routine.go:29] [32mæ¯åŠå°æ™‚åŸ·è¡Œç¨‹åº, ç¾åœ¨æ™‚é–“: 13:00:00[0m
[2025-07-17 13:00:00] [INFO] [/Users/guanlin/Desktop/gps_project/PetTracker/cron/routine.go:37] [32må°æ™‚åŸ·è¡Œå®Œç•¢[0m
[2025-07-17 13:00:00] [INFO] [/Users/guanlin/Desktop/gps_project/PetTracker/cron/persist/gps.go:18] [32mé–‹å§‹åŸ·è¡Œ GPS DATA æŒä¹…åŒ–...[0m
[2025-07-17 13:00:00] [DEBUG] [/Users/guanlin/Desktop/gps_project/PetTracker/cron/persist/gps.go:27] [36må–å¾— 0 ç­†è£ç½®è³‡æ–™, é–‹å§‹è®€å–[0m
[2025-07-17 13:00:00] [INFO] [/Users/guanlin/Desktop/gps_project/PetTracker/cron/routine.go:31] [32måŠå°æ™‚åŸ·è¡Œå®Œç•¢[0m
[2025-07-17 13:30:00] [INFO] [/Users/guanlin/Desktop/gps_project/PetTracker/cron/routine.go:29] [32mæ¯åŠå°æ™‚åŸ·è¡Œç¨‹åº, ç¾åœ¨æ™‚é–“: 13:30:00[0m
[2025-07-17 13:30:00] [INFO] [/Users/guanlin/Desktop/gps_project/PetTracker/cron/persist/gps.go:18] [32mé–‹å§‹åŸ·è¡Œ GPS DATA æŒä¹…åŒ–...[0m
[2025-07-17 13:30:00] [DEBUG] [/Users/guanlin/Desktop/gps_project/PetTracker/cron/persist/gps.go:27] [36må–å¾— 0 ç­†è£ç½®è³‡æ–™, é–‹å§‹è®€å–[0m
[2025-07-17 13:30:00] [INFO] [/Users/guanlin/Desktop/gps_project/PetTracker/cron/routine.go:31] [32måŠå°æ™‚åŸ·è¡Œå®Œç•¢[0m
[2025-07-17 14:00:00] [INFO] [/Users/guanlin/Desktop/gps_project/PetTracker/cron/routine.go:29] [32mæ¯åŠå°æ™‚åŸ·è¡Œç¨‹åº, ç¾åœ¨æ™‚é–“: 14:00:00[0m
[2025-07-17 14:00:00] [INFO] [/Users/guanlin/Desktop/gps_project/PetTracker/cron/routine.go:36] [32mæ¯å°æ™‚åŸ·è¡Œç¨‹åº, ç¾åœ¨æ™‚é–“: 14:00:00[0m
[2025-07-17 14:00:00] [INFO] [/Users/guanlin/Desktop/gps_project/PetTracker/cron/persist/gps.go:18] [32mé–‹å§‹åŸ·è¡Œ GPS DATA æŒä¹…åŒ–...[0m
[2025-07-17 14:00:00] [INFO] [/Users/guanlin/Desktop/gps_project/PetTracker/cron/routine.go:37] [32må°æ™‚åŸ·è¡Œå®Œç•¢[0m
[2025-07-17 14:00:00] [DEBUG] [/Users/guanlin/Desktop/gps_project/PetTracker/cron/persist/gps.go:27] [36må–å¾— 0 ç­†è£ç½®è³‡æ–™, é–‹å§‹è®€å–[0m
[2025-07-17 14:00:00] [INFO] [/Users/guanlin/Desktop/gps_project/PetTracker/cron/routine.go:31] [32måŠå°æ™‚åŸ·è¡Œå®Œç•¢[0m
[2025-07-17 14:30:00] [INFO] [/Users/guanlin/Desktop/gps_project/PetTracker/cron/routine.go:29] [32mæ¯åŠå°æ™‚åŸ·è¡Œç¨‹åº, ç¾åœ¨æ™‚é–“: 14:30:00[0m
[2025-07-17 14:30:00] [INFO] [/Users/guanlin/Desktop/gps_project/PetTracker/cron/persist/gps.go:18] [32mé–‹å§‹åŸ·è¡Œ GPS DATA æŒä¹…åŒ–...[0m
[2025-07-17 14:30:00] [DEBUG] [/Users/guanlin/Desktop/gps_project/PetTracker/cron/persist/gps.go:27] [36må–å¾— 0 ç­†è£ç½®è³‡æ–™, é–‹å§‹è®€å–[0m
[2025-07-17 14:30:00] [INFO] [/Users/guanlin/Desktop/gps_project/PetTracker/cron/routine.go:31] [32måŠå°æ™‚åŸ·è¡Œå®Œç•¢[0m
[2025-07-17 15:00:00] [INFO] [/Users/guanlin/Desktop/gps_project/PetTracker/cron/routine.go:36] [32mæ¯å°æ™‚åŸ·è¡Œç¨‹åº, ç¾åœ¨æ™‚é–“: 15:00:00[0m
[2025-07-17 15:00:00] [INFO] [/Users/guanlin/Desktop/gps_project/PetTracker/cron/routine.go:29] [32mæ¯åŠå°æ™‚åŸ·è¡Œç¨‹åº, ç¾åœ¨æ™‚é–“: 15:00:00[0m
[2025-07-17 15:00:00] [INFO] [/Users/guanlin/Desktop/gps_project/PetTracker/cron/routine.go:37] [32må°æ™‚åŸ·è¡Œå®Œç•¢[0m
[2025-07-17 15:00:00] [INFO] [/Users/guanlin/Desktop/gps_project/PetTracker/cron/persist/gps.go:18] [32mé–‹å§‹åŸ·è¡Œ GPS DATA æŒä¹…åŒ–...[0m
[2025-07-17 15:00:00] [DEBUG] [/Users/guanlin/Desktop/gps_project/PetTracker/cron/persist/gps.go:27] [36må–å¾— 0 ç­†è£ç½®è³‡æ–™, é–‹å§‹è®€å–[0m
[2025-07-17 15:00:00] [INFO] [/Users/guanlin/Desktop/gps_project/PetTracker/cron/routine.go:31] [32måŠå°æ™‚åŸ·è¡Œå®Œç•¢[0m
[2025-07-17 15:30:00] [INFO] [/Users/guanlin/Desktop/gps_project/PetTracker/cron/routine.go:29] [32mæ¯åŠå°æ™‚åŸ·è¡Œç¨‹åº, ç¾åœ¨æ™‚é–“: 15:30:00[0m
[2025-07-17 15:30:00] [INFO] [/Users/guanlin/Desktop/gps_project/PetTracker/cron/persist/gps.go:18] [32mé–‹å§‹åŸ·è¡Œ GPS DATA æŒä¹…åŒ–...[0m
[2025-07-17 15:30:00] [DEBUG] [/Users/guanlin/Desktop/gps_project/PetTracker/cron/persist/gps.go:27] [36må–å¾— 0 ç­†è£ç½®è³‡æ–™, é–‹å§‹è®€å–[0m
[2025-07-17 15:30:00] [INFO] [/Users/guanlin/Desktop/gps_project/PetTracker/cron/routine.go:31] [32måŠå°æ™‚åŸ·è¡Œå®Œç•¢[0m
