[2025-07-21 13:21:00] [DEBUG] [/Users/guanlin/Desktop/gps_project/PetTracker/core/initial/initDb.go:36] [36m âœ… MariaDB è³‡æ–™åº«é€£æ¥æˆåŠŸ[0m
[2025-07-21 13:21:00] [DEBUG] [/Users/guanlin/Desktop/gps_project/PetTracker/core/initial/initRedis.go:37] [36m âœ… Redis è³‡æ–™åº«é€£æ¥æˆåŠŸ[0m
[2025-07-21 13:21:00] [DEBUG] [/Users/guanlin/Desktop/gps_project/PetTracker/core/initial/initInfra.go:19] [36m âœ… æˆåŠŸåˆå§‹åŒ–è£ç½®è¨­å®š[0m
[2025-07-21 13:21:00] [INFO] [/Users/guanlin/Desktop/gps_project/PetTracker/main/main.go:17] [32m http server å·²å•Ÿå‹•, ä½¿ç”¨ PORT: 8000[0m
[2025-07-21 13:23:01] [ERROR] [/Users/guanlin/Desktop/gps_project/PetTracker/api/device/02-tracking.go:30] [31mèº«ä»½èªè­‰éŒ¯èª¤, error: JWT è§£æå¤±æ•—: token has invalid claims: token is expired[0m
[2025-07-21 13:25:01] [ERROR] [/Users/guanlin/Desktop/gps_project/PetTracker/service/device/02-tracking.go:11] [31mæŸ¥ç„¡æ­¤æœƒå“¡, error: Error 1054 (42S22): Unknown column 'username' in 'WHERE'[0m
[2025-07-21 13:28:20] [DEBUG] [/Users/guanlin/Desktop/gps_project/PetTracker/core/initial/initDb.go:36] [36m âœ… MariaDB è³‡æ–™åº«é€£æ¥æˆåŠŸ[0m
[2025-07-21 13:28:20] [DEBUG] [/Users/guanlin/Desktop/gps_project/PetTracker/core/initial/initRedis.go:37] [36m âœ… Redis è³‡æ–™åº«é€£æ¥æˆåŠŸ[0m
[2025-07-21 13:28:20] [DEBUG] [/Users/guanlin/Desktop/gps_project/PetTracker/core/initial/initInfra.go:19] [36m âœ… æˆåŠŸåˆå§‹åŒ–è£ç½®è¨­å®š[0m
[2025-07-21 13:28:20] [INFO] [/Users/guanlin/Desktop/gps_project/PetTracker/main/main.go:17] [32m http server å·²å•Ÿå‹•, ä½¿ç”¨ PORT: 8000[0m
[2025-07-21 13:28:30] [ERROR] [/Users/guanlin/Desktop/gps_project/PetTracker/service/device/02-tracking.go:11] [31mæŸ¥ç„¡æ­¤æœƒå“¡, error: Error 1054 (42S22): Unknown column 'username' in 'WHERE'[0m
[2025-07-21 13:37:15] [DEBUG] [/Users/guanlin/Desktop/gps_project/PetTracker/core/initial/initDb.go:36] [36m âœ… MariaDB è³‡æ–™åº«é€£æ¥æˆåŠŸ[0m
[2025-07-21 13:37:15] [DEBUG] [/Users/guanlin/Desktop/gps_project/PetTracker/core/initial/initRedis.go:37] [36m âœ… Redis è³‡æ–™åº«é€£æ¥æˆåŠŸ[0m
[2025-07-21 13:37:15] [DEBUG] [/Users/guanlin/Desktop/gps_project/PetTracker/core/initial/initInfra.go:19] [36m âœ… æˆåŠŸåˆå§‹åŒ–è£ç½®è¨­å®š[0m
[2025-07-21 13:37:15] [INFO] [/Users/guanlin/Desktop/gps_project/PetTracker/main/main.go:17] [32m http server å·²å•Ÿå‹•, ä½¿ç”¨ PORT: 8000[0m
[2025-07-21 14:42:09] [DEBUG] [/Users/guanlin/Desktop/gps_project/PetTracker/0.core/initial/initDb.go:35] [36m âœ… MariaDB è³‡æ–™åº«é€£æ¥æˆåŠŸ[0m
[2025-07-21 14:42:09] [DEBUG] [/Users/guanlin/Desktop/gps_project/PetTracker/0.core/initial/initRedis.go:37] [36m âœ… Redis è³‡æ–™åº«é€£æ¥æˆåŠŸ[0m
[2025-07-21 14:42:09] [DEBUG] [/Users/guanlin/Desktop/gps_project/PetTracker/0.core/initial/initInfra.go:19] [36m âœ… æˆåŠŸåˆå§‹åŒ–è£ç½®è¨­å®š[0m
[2025-07-21 14:42:09] [INFO] [/Users/guanlin/Desktop/gps_project/PetTracker/0.main/main.go:17] [32m http server å·²å•Ÿå‹•, ä½¿ç”¨ PORT: 8000[0m
[2025-07-21 17:33:18] [DEBUG] [/Users/guanlin/Desktop/gps_project/PetTracker/0.core/initial/initDb.go:35] [36m âœ… MariaDB è³‡æ–™åº«é€£æ¥æˆåŠŸ[0m
[2025-07-21 17:33:18] [DEBUG] [/Users/guanlin/Desktop/gps_project/PetTracker/0.core/initial/initRedis.go:37] [36m âœ… Redis è³‡æ–™åº«é€£æ¥æˆåŠŸ[0m
[2025-07-21 17:36:33] [DEBUG] [/Users/guanlin/Desktop/gps_project/PetTracker/0.core/initial/initDb.go:35] [36m âœ… MariaDB è³‡æ–™åº«é€£æ¥æˆåŠŸ[0m
[2025-07-21 17:36:33] [DEBUG] [/Users/guanlin/Desktop/gps_project/PetTracker/0.core/initial/initRedis.go:37] [36m âœ… Redis è³‡æ–™åº«é€£æ¥æˆåŠŸ[0m
[2025-07-21 17:36:33] [INFO] [/Users/guanlin/Desktop/gps_project/PetTracker/0.core/initial/initMosquitto.go:28] [32m âœ…å·²é€£æ¥åˆ° Mosquitto ä¼ºæœå™¨[0m
[2025-07-21 17:36:33] [DEBUG] [/Users/guanlin/Desktop/gps_project/PetTracker/0.core/initial/initInfra.go:19] [36m âœ… æˆåŠŸåˆå§‹åŒ–è£ç½®è¨­å®š[0m
[2025-07-21 17:36:33] [INFO] [/Users/guanlin/Desktop/gps_project/PetTracker/0.main/main.go:17] [32m http server å·²å•Ÿå‹•, ä½¿ç”¨ PORT: 8000[0m
[2025-07-21 17:37:03] [DEBUG] [/Users/guanlin/Desktop/gps_project/PetTracker/0.core/initial/initDb.go:35] [36m âœ… MariaDB è³‡æ–™åº«é€£æ¥æˆåŠŸ[0m
[2025-07-21 17:37:03] [DEBUG] [/Users/guanlin/Desktop/gps_project/PetTracker/0.core/initial/initRedis.go:37] [36m âœ… Redis è³‡æ–™åº«é€£æ¥æˆåŠŸ[0m
[2025-07-21 17:37:03] [DEBUG] [/Users/guanlin/Desktop/gps_project/PetTracker/0.core/initial/initMosquitto.go:28] [36m âœ… å·²é€£æ¥åˆ° Mosquitto ä¼ºæœå™¨[0m
[2025-07-21 17:37:03] [DEBUG] [/Users/guanlin/Desktop/gps_project/PetTracker/0.core/initial/initInfra.go:19] [36m âœ… æˆåŠŸåˆå§‹åŒ–è£ç½®è¨­å®š[0m
[2025-07-21 17:37:03] [INFO] [/Users/guanlin/Desktop/gps_project/PetTracker/0.main/main.go:17] [32m http server å·²å•Ÿå‹•, ä½¿ç”¨ PORT: 8000[0m
