[2025-07-22 14:01:40] [DEBUG] [/Users/guanlin/Desktop/gps_project/Pet_Tracker/0.core/initial/initDb.go:35] [36m âœ… MariaDB è³‡æ–™åº«é€£æ¥æˆåŠŸ[0m
[2025-07-22 14:01:40] [DEBUG] [/Users/guanlin/Desktop/gps_project/Pet_Tracker/0.core/initial/initRedis.go:37] [36m âœ… Redis è³‡æ–™åº«é€£æ¥æˆåŠŸ[0m
[2025-07-22 14:02:06] [DEBUG] [/Users/guanlin/Desktop/gps_project/Pet_Tracker/0.core/initial/initDb.go:35] [36m âœ… MariaDB è³‡æ–™åº«é€£æ¥æˆåŠŸ[0m
[2025-07-22 14:02:06] [DEBUG] [/Users/guanlin/Desktop/gps_project/Pet_Tracker/0.core/initial/initRedis.go:37] [36m âœ… Redis è³‡æ–™åº«é€£æ¥æˆåŠŸ[0m
[2025-07-22 14:02:06] [DEBUG] [/Users/guanlin/Desktop/gps_project/Pet_Tracker/0.core/initial/initMosquitto.go:28] [36m âœ… å·²é€£æ¥åˆ° Mosquitto ä¼ºæœå™¨[0m
[2025-07-22 14:02:06] [DEBUG] [/Users/guanlin/Desktop/gps_project/Pet_Tracker/0.core/initial/initInfra.go:19] [36m âœ… æˆåŠŸåˆå§‹åŒ–è£ç½®è¨­å®š[0m
[2025-07-22 14:02:06] [INFO] [/Users/guanlin/Desktop/gps_project/Pet_Tracker/0.main/main.go:17] [32m http server å·²å•Ÿå‹•, ä½¿ç”¨ PORT: 8000[0m
[2025-07-22 14:02:58] [DEBUG] [/Users/guanlin/Desktop/gps_project/Pet_Tracker/0.core/initial/initDb.go:35] [36m âœ… MariaDB è³‡æ–™åº«é€£æ¥æˆåŠŸ[0m
[2025-07-22 14:02:58] [DEBUG] [/Users/guanlin/Desktop/gps_project/Pet_Tracker/0.core/initial/initRedis.go:37] [36m âœ… Redis è³‡æ–™åº«é€£æ¥æˆåŠŸ[0m
[2025-07-22 14:29:42] [DEBUG] [/Users/guanlin/Desktop/gps_project/Pet_Tracker/0.core/initial/initDb.go:35] [36m âœ… MariaDB è³‡æ–™åº«é€£æ¥æˆåŠŸ[0m
[2025-07-22 14:29:42] [DEBUG] [/Users/guanlin/Desktop/gps_project/Pet_Tracker/0.core/initial/initRedis.go:37] [36m âœ… Redis è³‡æ–™åº«é€£æ¥æˆåŠŸ[0m
[2025-07-22 14:29:42] [DEBUG] [/Users/guanlin/Desktop/gps_project/Pet_Tracker/0.core/initial/initMosquitto.go:28] [36m âœ… å·²é€£æ¥åˆ° Mosquitto ä¼ºæœå™¨[0m
[2025-07-22 14:29:42] [DEBUG] [/Users/guanlin/Desktop/gps_project/Pet_Tracker/0.core/initial/initInfra.go:19] [36m âœ… æˆåŠŸåˆå§‹åŒ–è£ç½®è¨­å®š[0m
[2025-07-22 14:29:42] [INFO] [/Users/guanlin/Desktop/gps_project/Pet_Tracker/main.go:17] [32m http server å·²å•Ÿå‹•, ä½¿ç”¨ PORT: 8000[0m
[2025-07-22 14:30:58] [ERROR] [/Users/guanlin/Desktop/gps_project/Pet_Tracker/4.repo/account.go:41] [31mæŸ¥è©¢å¸³æˆ¶ç™¼ç”ŸéŒ¯èª¤, error: Error 1054 (42S22): Unknown column 'emil' in 'WHERE'[0m
[2025-07-22 14:31:16] [DEBUG] [/Users/guanlin/Desktop/gps_project/Pet_Tracker/0.core/initial/initDb.go:35] [36m âœ… MariaDB è³‡æ–™åº«é€£æ¥æˆåŠŸ[0m
[2025-07-22 14:31:16] [DEBUG] [/Users/guanlin/Desktop/gps_project/Pet_Tracker/0.core/initial/initRedis.go:37] [36m âœ… Redis è³‡æ–™åº«é€£æ¥æˆåŠŸ[0m
[2025-07-22 14:31:16] [DEBUG] [/Users/guanlin/Desktop/gps_project/Pet_Tracker/0.core/initial/initMosquitto.go:28] [36m âœ… å·²é€£æ¥åˆ° Mosquitto ä¼ºæœå™¨[0m
[2025-07-22 14:31:16] [DEBUG] [/Users/guanlin/Desktop/gps_project/Pet_Tracker/0.core/initial/initInfra.go:19] [36m âœ… æˆåŠŸåˆå§‹åŒ–è£ç½®è¨­å®š[0m
[2025-07-22 14:31:16] [INFO] [/Users/guanlin/Desktop/gps_project/Pet_Tracker/main.go:17] [32m http server å·²å•Ÿå‹•, ä½¿ç”¨ PORT: 8000[0m
[2025-07-22 14:33:44] [DEBUG] [/Users/guanlin/Desktop/gps_project/Pet_Tracker/0.core/initial/initDb.go:35] [36m âœ… MariaDB è³‡æ–™åº«é€£æ¥æˆåŠŸ[0m
[2025-07-22 14:33:44] [DEBUG] [/Users/guanlin/Desktop/gps_project/Pet_Tracker/0.core/initial/initRedis.go:37] [36m âœ… Redis è³‡æ–™åº«é€£æ¥æˆåŠŸ[0m
[2025-07-22 14:33:44] [DEBUG] [/Users/guanlin/Desktop/gps_project/Pet_Tracker/0.core/initial/initMosquitto.go:28] [36m âœ… å·²é€£æ¥åˆ° Mosquitto ä¼ºæœå™¨[0m
[2025-07-22 14:33:44] [DEBUG] [/Users/guanlin/Desktop/gps_project/Pet_Tracker/0.core/initial/initInfra.go:19] [36m âœ… æˆåŠŸåˆå§‹åŒ–è£ç½®è¨­å®š[0m
[2025-07-22 14:33:44] [INFO] [/Users/guanlin/Desktop/gps_project/Pet_Tracker/main.go:17] [32m http server å·²å•Ÿå‹•, ä½¿ç”¨ PORT: 8000[0m
[2025-07-22 14:34:51] [ERROR] [/Users/guanlin/Desktop/gps_project/Pet_Tracker/2.api/device/01-create.go:34] [31mèº«ä»½èªè­‰éŒ¯èª¤, error: JWT è§£æå¤±æ•—: token has invalid claims: token is expired[0m
