[2025-07-15 09:25:55] [DEBUG] [/Users/guanlin/Desktop/gps_project/PetTracker/core/init/initMachine.go:29] [36m âœ… MariaDBè³‡æ–™åº«é€£æ¥æˆåŠŸ[0m
[2025-07-15 09:25:55] [DEBUG] [/Users/guanlin/Desktop/gps_project/PetTracker/core/init/initMachine.go:47] [36m âœ… Redisè³‡æ–™åº«é€£æ¥æˆåŠŸ[0m
[2025-07-15 09:25:55] [INFO] [/Users/guanlin/Desktop/gps_project/PetTracker/main/main.go:18] [32m http server å·²å•Ÿå‹•, ä½¿ç”¨ PORT: 8000[0m
[2025-07-15 09:26:00] [INFO] [/Users/guanlin/Desktop/gps_project/PetTracker/cron/routine.go:23] [32mæ¯åˆ†åŸ·è¡Œç¨‹åº, ç¾åœ¨æ™‚é–“: 09:26:00[0m
[2025-07-15 09:26:00] [INFO] [/Users/guanlin/Desktop/gps_project/PetTracker/cron/persist/gps.go:18] [32mé–‹å§‹åŸ·è¡Œ GPS DATA æŒä¹…åŒ–...[0m
[2025-07-15 09:26:00] [DEBUG] [/Users/guanlin/Desktop/gps_project/PetTracker/cron/persist/gps.go:27] [36må–å¾— 1 ç­†è£ç½®è³‡æ–™, é–‹å§‹è®€å–[0m
[2025-07-15 09:26:00] [DEBUG] [/Users/guanlin/Desktop/gps_project/PetTracker/cron/persist/gps.go:44] [36mè®€å–åˆ°çš„è³‡æ–™ç‚º [{"device":"A001","lng":"123456789","lat":"123456789","time":"2025-07-15 01:25:59"}] [0m
[2025-07-15 09:26:00] [DEBUG] [/Users/guanlin/Desktop/gps_project/PetTracker/cron/persist/gps.go:45] [36mæº–å‚™å¯«å…¥è³‡æ–™åº«...[0m
[2025-07-15 09:26:00] [DEBUG] [/Users/guanlin/Desktop/gps_project/PetTracker/cron/persist/gps.go:84] [36mæ‰¹æ¬¡å¯«å…¥ 1 ç­†è³‡æ–™è‡³ DB...[0m
[2025-07-15 09:26:00] [ERROR] [/Users/guanlin/Desktop/gps_project/PetTracker/cron/persist/gps.go:66] [31mæ‰¹æ¬¡å¯«å…¥è³‡æ–™è‡³ DB å¤±æ•—, error: Error 1146 (42S02): Table 'gpsdb.deviceloc' doesn't exist[0m
[2025-07-15 09:27:00] [INFO] [/Users/guanlin/Desktop/gps_project/PetTracker/cron/routine.go:23] [32mæ¯åˆ†åŸ·è¡Œç¨‹åº, ç¾åœ¨æ™‚é–“: 09:27:00[0m
[2025-07-15 09:27:00] [INFO] [/Users/guanlin/Desktop/gps_project/PetTracker/cron/persist/gps.go:18] [32mé–‹å§‹åŸ·è¡Œ GPS DATA æŒä¹…åŒ–...[0m
[2025-07-15 09:27:00] [DEBUG] [/Users/guanlin/Desktop/gps_project/PetTracker/cron/persist/gps.go:27] [36må–å¾— 1 ç­†è£ç½®è³‡æ–™, é–‹å§‹è®€å–[0m
[2025-07-15 09:27:00] [DEBUG] [/Users/guanlin/Desktop/gps_project/PetTracker/cron/persist/gps.go:44] [36mè®€å–åˆ°çš„è³‡æ–™ç‚º [{"device":"A001","lng":"123456789","lat":"123456789","time":"2025-07-15 01:25:59"}] [0m
[2025-07-15 09:27:00] [DEBUG] [/Users/guanlin/Desktop/gps_project/PetTracker/cron/persist/gps.go:45] [36mæº–å‚™å¯«å…¥è³‡æ–™åº«...[0m
[2025-07-15 09:27:00] [DEBUG] [/Users/guanlin/Desktop/gps_project/PetTracker/cron/persist/gps.go:84] [36mæ‰¹æ¬¡å¯«å…¥ 1 ç­†è³‡æ–™è‡³ DB...[0m
[2025-07-15 09:27:00] [ERROR] [/Users/guanlin/Desktop/gps_project/PetTracker/cron/persist/gps.go:66] [31mæ‰¹æ¬¡å¯«å…¥è³‡æ–™è‡³ DB å¤±æ•—, error: Error 1146 (42S02): Table 'gpsdb.deviceloc' doesn't exist[0m
[2025-07-15 09:27:34] [DEBUG] [/Users/guanlin/Desktop/gps_project/PetTracker/core/init/initMachine.go:29] [36m âœ… MariaDBè³‡æ–™åº«é€£æ¥æˆåŠŸ[0m
[2025-07-15 09:27:34] [DEBUG] [/Users/guanlin/Desktop/gps_project/PetTracker/core/init/initMachine.go:47] [36m âœ… Redisè³‡æ–™åº«é€£æ¥æˆåŠŸ[0m
[2025-07-15 09:27:34] [INFO] [/Users/guanlin/Desktop/gps_project/PetTracker/main/main.go:18] [32m http server å·²å•Ÿå‹•, ä½¿ç”¨ PORT: 8000[0m
[2025-07-15 09:28:00] [INFO] [/Users/guanlin/Desktop/gps_project/PetTracker/cron/routine.go:23] [32mæ¯åˆ†åŸ·è¡Œç¨‹åº, ç¾åœ¨æ™‚é–“: 09:28:00[0m
[2025-07-15 09:28:00] [INFO] [/Users/guanlin/Desktop/gps_project/PetTracker/cron/persist/gps.go:18] [32mé–‹å§‹åŸ·è¡Œ GPS DATA æŒä¹…åŒ–...[0m
[2025-07-15 09:28:00] [DEBUG] [/Users/guanlin/Desktop/gps_project/PetTracker/cron/persist/gps.go:27] [36må–å¾— 1 ç­†è£ç½®è³‡æ–™, é–‹å§‹è®€å–[0m
[2025-07-15 09:28:00] [DEBUG] [/Users/guanlin/Desktop/gps_project/PetTracker/cron/persist/gps.go:44] [36mè®€å–åˆ°çš„è³‡æ–™ç‚º [{"device":"A001","lng":"123456789","lat":"123456789","time":"2025-07-15 01:25:59"} {"device":"A001","lng":"123456789","lat":"123456789","time":"2025-07-15 01:27:40"} {"device":"A001","lng":"123456789","lat":"123456789","time":"2025-07-15 01:27:43"} {"device":"A001","lng":"123456789","lat":"123456789","time":"2025-07-15 01:27:45"} {"device":"A001","lng":"123456789","lat":"123456789","time":"2025-07-15 01:27:47"} {"device":"A001","lng":"123456789","lat":"123456789","time":"2025-07-15 01:27:50"}] [0m
[2025-07-15 09:28:00] [DEBUG] [/Users/guanlin/Desktop/gps_project/PetTracker/cron/persist/gps.go:45] [36mæº–å‚™å¯«å…¥è³‡æ–™åº«...[0m
[2025-07-15 09:28:00] [DEBUG] [/Users/guanlin/Desktop/gps_project/PetTracker/cron/persist/gps.go:84] [36mæ‰¹æ¬¡å¯«å…¥ 6 ç­†è³‡æ–™è‡³ DB...[0m
[2025-07-15 09:28:00] [DEBUG] [/Users/guanlin/Desktop/gps_project/PetTracker/cron/persist/gps.go:88] [36mè³‡æ–™æˆåŠŸæ‰¹æ¬¡å¯«å…¥ DB[0m
[2025-07-15 09:29:00] [INFO] [/Users/guanlin/Desktop/gps_project/PetTracker/cron/routine.go:23] [32mæ¯åˆ†åŸ·è¡Œç¨‹åº, ç¾åœ¨æ™‚é–“: 09:29:00[0m
[2025-07-15 09:29:00] [INFO] [/Users/guanlin/Desktop/gps_project/PetTracker/cron/persist/gps.go:18] [32mé–‹å§‹åŸ·è¡Œ GPS DATA æŒä¹…åŒ–...[0m
[2025-07-15 09:29:00] [DEBUG] [/Users/guanlin/Desktop/gps_project/PetTracker/cron/persist/gps.go:27] [36må–å¾— 0 ç­†è£ç½®è³‡æ–™, é–‹å§‹è®€å–[0m
[2025-07-15 09:30:00] [INFO] [/Users/guanlin/Desktop/gps_project/PetTracker/cron/routine.go:23] [32mæ¯åˆ†åŸ·è¡Œç¨‹åº, ç¾åœ¨æ™‚é–“: 09:30:00[0m
[2025-07-15 09:30:00] [INFO] [/Users/guanlin/Desktop/gps_project/PetTracker/cron/persist/gps.go:18] [32mé–‹å§‹åŸ·è¡Œ GPS DATA æŒä¹…åŒ–...[0m
[2025-07-15 09:30:00] [INFO] [/Users/guanlin/Desktop/gps_project/PetTracker/cron/routine.go:30] [32mæ¯åŠå°æ™‚åŸ·è¡Œç¨‹åº, ç¾åœ¨æ™‚é–“: 09:30:00[0m
[2025-07-15 09:30:00] [INFO] [/Users/guanlin/Desktop/gps_project/PetTracker/cron/persist/gps.go:18] [32mé–‹å§‹åŸ·è¡Œ GPS DATA æŒä¹…åŒ–...[0m
[2025-07-15 09:30:00] [DEBUG] [/Users/guanlin/Desktop/gps_project/PetTracker/cron/persist/gps.go:27] [36må–å¾— 0 ç­†è£ç½®è³‡æ–™, é–‹å§‹è®€å–[0m
[2025-07-15 09:30:00] [DEBUG] [/Users/guanlin/Desktop/gps_project/PetTracker/cron/persist/gps.go:27] [36må–å¾— 0 ç­†è£ç½®è³‡æ–™, é–‹å§‹è®€å–[0m
[2025-07-15 09:31:00] [INFO] [/Users/guanlin/Desktop/gps_project/PetTracker/cron/routine.go:23] [32mæ¯åˆ†åŸ·è¡Œç¨‹åº, ç¾åœ¨æ™‚é–“: 09:31:00[0m
[2025-07-15 09:31:00] [INFO] [/Users/guanlin/Desktop/gps_project/PetTracker/cron/persist/gps.go:18] [32mé–‹å§‹åŸ·è¡Œ GPS DATA æŒä¹…åŒ–...[0m
[2025-07-15 09:31:00] [DEBUG] [/Users/guanlin/Desktop/gps_project/PetTracker/cron/persist/gps.go:27] [36må–å¾— 0 ç­†è£ç½®è³‡æ–™, é–‹å§‹è®€å–[0m
[2025-07-15 09:32:00] [INFO] [/Users/guanlin/Desktop/gps_project/PetTracker/cron/routine.go:23] [32mæ¯åˆ†åŸ·è¡Œç¨‹åº, ç¾åœ¨æ™‚é–“: 09:32:00[0m
[2025-07-15 09:32:00] [INFO] [/Users/guanlin/Desktop/gps_project/PetTracker/cron/persist/gps.go:18] [32mé–‹å§‹åŸ·è¡Œ GPS DATA æŒä¹…åŒ–...[0m
[2025-07-15 09:32:00] [DEBUG] [/Users/guanlin/Desktop/gps_project/PetTracker/cron/persist/gps.go:27] [36må–å¾— 0 ç­†è£ç½®è³‡æ–™, é–‹å§‹è®€å–[0m
[2025-07-15 09:33:00] [INFO] [/Users/guanlin/Desktop/gps_project/PetTracker/cron/routine.go:23] [32mæ¯åˆ†åŸ·è¡Œç¨‹åº, ç¾åœ¨æ™‚é–“: 09:33:00[0m
[2025-07-15 09:33:00] [INFO] [/Users/guanlin/Desktop/gps_project/PetTracker/cron/persist/gps.go:18] [32mé–‹å§‹åŸ·è¡Œ GPS DATA æŒä¹…åŒ–...[0m
[2025-07-15 09:33:00] [DEBUG] [/Users/guanlin/Desktop/gps_project/PetTracker/cron/persist/gps.go:27] [36må–å¾— 0 ç­†è£ç½®è³‡æ–™, é–‹å§‹è®€å–[0m
[2025-07-15 09:34:00] [INFO] [/Users/guanlin/Desktop/gps_project/PetTracker/cron/routine.go:23] [32mæ¯åˆ†åŸ·è¡Œç¨‹åº, ç¾åœ¨æ™‚é–“: 09:34:00[0m
[2025-07-15 09:34:00] [INFO] [/Users/guanlin/Desktop/gps_project/PetTracker/cron/persist/gps.go:18] [32mé–‹å§‹åŸ·è¡Œ GPS DATA æŒä¹…åŒ–...[0m
[2025-07-15 09:34:00] [DEBUG] [/Users/guanlin/Desktop/gps_project/PetTracker/cron/persist/gps.go:27] [36må–å¾— 0 ç­†è£ç½®è³‡æ–™, é–‹å§‹è®€å–[0m
[2025-07-15 09:40:24] [DEBUG] [/Users/guanlin/Desktop/gps_project/PetTracker/core/init/initMachine.go:29] [36m âœ… MariaDBè³‡æ–™åº«é€£æ¥æˆåŠŸ[0m
[2025-07-15 09:40:24] [DEBUG] [/Users/guanlin/Desktop/gps_project/PetTracker/core/init/initMachine.go:47] [36m âœ… Redisè³‡æ–™åº«é€£æ¥æˆåŠŸ[0m
[2025-07-15 09:40:24] [INFO] [/Users/guanlin/Desktop/gps_project/PetTracker/main/main.go:18] [32m http server å·²å•Ÿå‹•, ä½¿ç”¨ PORT: 8000[0m
[2025-07-15 09:42:33] [DEBUG] [/Users/guanlin/Desktop/gps_project/PetTracker/core/init/initMachine.go:29] [36m âœ… MariaDBè³‡æ–™åº«é€£æ¥æˆåŠŸ[0m
[2025-07-15 09:42:33] [DEBUG] [/Users/guanlin/Desktop/gps_project/PetTracker/core/init/initMachine.go:47] [36m âœ… Redisè³‡æ–™åº«é€£æ¥æˆåŠŸ[0m
[2025-07-15 09:42:33] [INFO] [/Users/guanlin/Desktop/gps_project/PetTracker/main/main.go:18] [32m http server å·²å•Ÿå‹•, ä½¿ç”¨ PORT: 8000[0m
[2025-07-15 10:00:00] [INFO] [/Users/guanlin/Desktop/gps_project/PetTracker/cron/routine.go:29] [32mæ¯åŠå°æ™‚åŸ·è¡Œç¨‹åº, ç¾åœ¨æ™‚é–“: 10:00:00[0m
[2025-07-15 10:00:00] [INFO] [/Users/guanlin/Desktop/gps_project/PetTracker/cron/routine.go:36] [32mæ¯å°æ™‚åŸ·è¡Œç¨‹åº, ç¾åœ¨æ™‚é–“: 10:00:00[0m
[2025-07-15 10:00:00] [INFO] [/Users/guanlin/Desktop/gps_project/PetTracker/cron/persist/gps.go:18] [32mé–‹å§‹åŸ·è¡Œ GPS DATA æŒä¹…åŒ–...[0m
[2025-07-15 10:00:00] [INFO] [/Users/guanlin/Desktop/gps_project/PetTracker/cron/routine.go:37] [32må°æ™‚åŸ·è¡Œå®Œç•¢[0m
[2025-07-15 10:00:00] [DEBUG] [/Users/guanlin/Desktop/gps_project/PetTracker/cron/persist/gps.go:27] [36må–å¾— 0 ç­†è£ç½®è³‡æ–™, é–‹å§‹è®€å–[0m
[2025-07-15 10:00:00] [INFO] [/Users/guanlin/Desktop/gps_project/PetTracker/cron/routine.go:31] [32måŠå°æ™‚åŸ·è¡Œå®Œç•¢[0m
[2025-07-15 10:30:00] [INFO] [/Users/guanlin/Desktop/gps_project/PetTracker/cron/routine.go:29] [32mæ¯åŠå°æ™‚åŸ·è¡Œç¨‹åº, ç¾åœ¨æ™‚é–“: 10:30:00[0m
[2025-07-15 10:30:00] [INFO] [/Users/guanlin/Desktop/gps_project/PetTracker/cron/persist/gps.go:18] [32mé–‹å§‹åŸ·è¡Œ GPS DATA æŒä¹…åŒ–...[0m
[2025-07-15 10:30:00] [DEBUG] [/Users/guanlin/Desktop/gps_project/PetTracker/cron/persist/gps.go:27] [36må–å¾— 0 ç­†è£ç½®è³‡æ–™, é–‹å§‹è®€å–[0m
[2025-07-15 10:30:00] [INFO] [/Users/guanlin/Desktop/gps_project/PetTracker/cron/routine.go:31] [32måŠå°æ™‚åŸ·è¡Œå®Œç•¢[0m
[2025-07-15 11:00:00] [INFO] [/Users/guanlin/Desktop/gps_project/PetTracker/cron/routine.go:29] [32mæ¯åŠå°æ™‚åŸ·è¡Œç¨‹åº, ç¾åœ¨æ™‚é–“: 11:00:00[0m
[2025-07-15 11:00:00] [INFO] [/Users/guanlin/Desktop/gps_project/PetTracker/cron/routine.go:36] [32mæ¯å°æ™‚åŸ·è¡Œç¨‹åº, ç¾åœ¨æ™‚é–“: 11:00:00[0m
[2025-07-15 11:00:00] [INFO] [/Users/guanlin/Desktop/gps_project/PetTracker/cron/persist/gps.go:18] [32mé–‹å§‹åŸ·è¡Œ GPS DATA æŒä¹…åŒ–...[0m
[2025-07-15 11:00:00] [INFO] [/Users/guanlin/Desktop/gps_project/PetTracker/cron/routine.go:37] [32må°æ™‚åŸ·è¡Œå®Œç•¢[0m
[2025-07-15 11:00:00] [DEBUG] [/Users/guanlin/Desktop/gps_project/PetTracker/cron/persist/gps.go:27] [36må–å¾— 0 ç­†è£ç½®è³‡æ–™, é–‹å§‹è®€å–[0m
[2025-07-15 11:00:00] [INFO] [/Users/guanlin/Desktop/gps_project/PetTracker/cron/routine.go:31] [32måŠå°æ™‚åŸ·è¡Œå®Œç•¢[0m
[2025-07-15 11:30:00] [INFO] [/Users/guanlin/Desktop/gps_project/PetTracker/cron/routine.go:29] [32mæ¯åŠå°æ™‚åŸ·è¡Œç¨‹åº, ç¾åœ¨æ™‚é–“: 11:30:00[0m
[2025-07-15 11:30:00] [INFO] [/Users/guanlin/Desktop/gps_project/PetTracker/cron/persist/gps.go:18] [32mé–‹å§‹åŸ·è¡Œ GPS DATA æŒä¹…åŒ–...[0m
[2025-07-15 11:30:00] [DEBUG] [/Users/guanlin/Desktop/gps_project/PetTracker/cron/persist/gps.go:27] [36må–å¾— 0 ç­†è£ç½®è³‡æ–™, é–‹å§‹è®€å–[0m
[2025-07-15 11:30:00] [INFO] [/Users/guanlin/Desktop/gps_project/PetTracker/cron/routine.go:31] [32måŠå°æ™‚åŸ·è¡Œå®Œç•¢[0m
[2025-07-15 12:00:00] [INFO] [/Users/guanlin/Desktop/gps_project/PetTracker/cron/routine.go:36] [32mæ¯å°æ™‚åŸ·è¡Œç¨‹åº, ç¾åœ¨æ™‚é–“: 12:00:00[0m
[2025-07-15 12:00:00] [INFO] [/Users/guanlin/Desktop/gps_project/PetTracker/cron/routine.go:29] [32mæ¯åŠå°æ™‚åŸ·è¡Œç¨‹åº, ç¾åœ¨æ™‚é–“: 12:00:00[0m
[2025-07-15 12:00:00] [INFO] [/Users/guanlin/Desktop/gps_project/PetTracker/cron/routine.go:37] [32må°æ™‚åŸ·è¡Œå®Œç•¢[0m
[2025-07-15 12:00:00] [INFO] [/Users/guanlin/Desktop/gps_project/PetTracker/cron/persist/gps.go:18] [32mé–‹å§‹åŸ·è¡Œ GPS DATA æŒä¹…åŒ–...[0m
[2025-07-15 12:00:00] [DEBUG] [/Users/guanlin/Desktop/gps_project/PetTracker/cron/persist/gps.go:27] [36må–å¾— 0 ç­†è£ç½®è³‡æ–™, é–‹å§‹è®€å–[0m
[2025-07-15 12:00:00] [INFO] [/Users/guanlin/Desktop/gps_project/PetTracker/cron/routine.go:31] [32måŠå°æ™‚åŸ·è¡Œå®Œç•¢[0m
[2025-07-15 12:30:00] [INFO] [/Users/guanlin/Desktop/gps_project/PetTracker/cron/routine.go:29] [32mæ¯åŠå°æ™‚åŸ·è¡Œç¨‹åº, ç¾åœ¨æ™‚é–“: 12:30:00[0m
[2025-07-15 12:30:00] [INFO] [/Users/guanlin/Desktop/gps_project/PetTracker/cron/persist/gps.go:18] [32mé–‹å§‹åŸ·è¡Œ GPS DATA æŒä¹…åŒ–...[0m
[2025-07-15 12:30:00] [DEBUG] [/Users/guanlin/Desktop/gps_project/PetTracker/cron/persist/gps.go:27] [36må–å¾— 0 ç­†è£ç½®è³‡æ–™, é–‹å§‹è®€å–[0m
[2025-07-15 12:30:00] [INFO] [/Users/guanlin/Desktop/gps_project/PetTracker/cron/routine.go:31] [32måŠå°æ™‚åŸ·è¡Œå®Œç•¢[0m
[2025-07-15 13:00:00] [INFO] [/Users/guanlin/Desktop/gps_project/PetTracker/cron/routine.go:29] [32mæ¯åŠå°æ™‚åŸ·è¡Œç¨‹åº, ç¾åœ¨æ™‚é–“: 13:00:00[0m
[2025-07-15 13:00:00] [INFO] [/Users/guanlin/Desktop/gps_project/PetTracker/cron/routine.go:36] [32mæ¯å°æ™‚åŸ·è¡Œç¨‹åº, ç¾åœ¨æ™‚é–“: 13:00:00[0m
[2025-07-15 13:00:00] [INFO] [/Users/guanlin/Desktop/gps_project/PetTracker/cron/persist/gps.go:18] [32mé–‹å§‹åŸ·è¡Œ GPS DATA æŒä¹…åŒ–...[0m
[2025-07-15 13:00:00] [INFO] [/Users/guanlin/Desktop/gps_project/PetTracker/cron/routine.go:37] [32må°æ™‚åŸ·è¡Œå®Œç•¢[0m
[2025-07-15 13:00:00] [DEBUG] [/Users/guanlin/Desktop/gps_project/PetTracker/cron/persist/gps.go:27] [36må–å¾— 0 ç­†è£ç½®è³‡æ–™, é–‹å§‹è®€å–[0m
[2025-07-15 13:00:00] [INFO] [/Users/guanlin/Desktop/gps_project/PetTracker/cron/routine.go:31] [32måŠå°æ™‚åŸ·è¡Œå®Œç•¢[0m
[2025-07-15 13:30:00] [INFO] [/Users/guanlin/Desktop/gps_project/PetTracker/cron/routine.go:29] [32mæ¯åŠå°æ™‚åŸ·è¡Œç¨‹åº, ç¾åœ¨æ™‚é–“: 13:30:00[0m
[2025-07-15 13:30:00] [INFO] [/Users/guanlin/Desktop/gps_project/PetTracker/cron/persist/gps.go:18] [32mé–‹å§‹åŸ·è¡Œ GPS DATA æŒä¹…åŒ–...[0m
[2025-07-15 13:30:00] [DEBUG] [/Users/guanlin/Desktop/gps_project/PetTracker/cron/persist/gps.go:27] [36må–å¾— 0 ç­†è£ç½®è³‡æ–™, é–‹å§‹è®€å–[0m
[2025-07-15 13:30:00] [INFO] [/Users/guanlin/Desktop/gps_project/PetTracker/cron/routine.go:31] [32måŠå°æ™‚åŸ·è¡Œå®Œç•¢[0m
[2025-07-15 14:00:00] [INFO] [/Users/guanlin/Desktop/gps_project/PetTracker/cron/routine.go:36] [32mæ¯å°æ™‚åŸ·è¡Œç¨‹åº, ç¾åœ¨æ™‚é–“: 14:00:00[0m
[2025-07-15 14:00:00] [INFO] [/Users/guanlin/Desktop/gps_project/PetTracker/cron/routine.go:29] [32mæ¯åŠå°æ™‚åŸ·è¡Œç¨‹åº, ç¾åœ¨æ™‚é–“: 14:00:00[0m
[2025-07-15 14:00:00] [INFO] [/Users/guanlin/Desktop/gps_project/PetTracker/cron/routine.go:37] [32må°æ™‚åŸ·è¡Œå®Œç•¢[0m
[2025-07-15 14:00:00] [INFO] [/Users/guanlin/Desktop/gps_project/PetTracker/cron/persist/gps.go:18] [32mé–‹å§‹åŸ·è¡Œ GPS DATA æŒä¹…åŒ–...[0m
[2025-07-15 14:00:00] [DEBUG] [/Users/guanlin/Desktop/gps_project/PetTracker/cron/persist/gps.go:27] [36må–å¾— 0 ç­†è£ç½®è³‡æ–™, é–‹å§‹è®€å–[0m
[2025-07-15 14:00:00] [INFO] [/Users/guanlin/Desktop/gps_project/PetTracker/cron/routine.go:31] [32måŠå°æ™‚åŸ·è¡Œå®Œç•¢[0m
[2025-07-15 14:30:00] [INFO] [/Users/guanlin/Desktop/gps_project/PetTracker/cron/routine.go:29] [32mæ¯åŠå°æ™‚åŸ·è¡Œç¨‹åº, ç¾åœ¨æ™‚é–“: 14:30:00[0m
[2025-07-15 14:30:00] [INFO] [/Users/guanlin/Desktop/gps_project/PetTracker/cron/persist/gps.go:18] [32mé–‹å§‹åŸ·è¡Œ GPS DATA æŒä¹…åŒ–...[0m
[2025-07-15 14:30:00] [DEBUG] [/Users/guanlin/Desktop/gps_project/PetTracker/cron/persist/gps.go:27] [36må–å¾— 0 ç­†è£ç½®è³‡æ–™, é–‹å§‹è®€å–[0m
[2025-07-15 14:30:00] [INFO] [/Users/guanlin/Desktop/gps_project/PetTracker/cron/routine.go:31] [32måŠå°æ™‚åŸ·è¡Œå®Œç•¢[0m
[2025-07-15 15:00:00] [INFO] [/Users/guanlin/Desktop/gps_project/PetTracker/cron/routine.go:36] [32mæ¯å°æ™‚åŸ·è¡Œç¨‹åº, ç¾åœ¨æ™‚é–“: 15:00:00[0m
[2025-07-15 15:00:00] [INFO] [/Users/guanlin/Desktop/gps_project/PetTracker/cron/routine.go:37] [32må°æ™‚åŸ·è¡Œå®Œç•¢[0m
[2025-07-15 15:00:00] [INFO] [/Users/guanlin/Desktop/gps_project/PetTracker/cron/routine.go:29] [32mæ¯åŠå°æ™‚åŸ·è¡Œç¨‹åº, ç¾åœ¨æ™‚é–“: 15:00:00[0m
[2025-07-15 15:00:00] [INFO] [/Users/guanlin/Desktop/gps_project/PetTracker/cron/persist/gps.go:18] [32mé–‹å§‹åŸ·è¡Œ GPS DATA æŒä¹…åŒ–...[0m
[2025-07-15 15:00:00] [DEBUG] [/Users/guanlin/Desktop/gps_project/PetTracker/cron/persist/gps.go:27] [36må–å¾— 0 ç­†è£ç½®è³‡æ–™, é–‹å§‹è®€å–[0m
[2025-07-15 15:00:00] [INFO] [/Users/guanlin/Desktop/gps_project/PetTracker/cron/routine.go:31] [32måŠå°æ™‚åŸ·è¡Œå®Œç•¢[0m
[2025-07-15 15:30:05] [INFO] [/Users/guanlin/Desktop/gps_project/PetTracker/cron/routine.go:29] [32mæ¯åŠå°æ™‚åŸ·è¡Œç¨‹åº, ç¾åœ¨æ™‚é–“: 15:30:05[0m
[2025-07-15 15:30:05] [INFO] [/Users/guanlin/Desktop/gps_project/PetTracker/cron/persist/gps.go:18] [32mé–‹å§‹åŸ·è¡Œ GPS DATA æŒä¹…åŒ–...[0m
[2025-07-15 15:30:05] [DEBUG] [/Users/guanlin/Desktop/gps_project/PetTracker/cron/persist/gps.go:27] [36må–å¾— 0 ç­†è£ç½®è³‡æ–™, é–‹å§‹è®€å–[0m
[2025-07-15 15:30:05] [INFO] [/Users/guanlin/Desktop/gps_project/PetTracker/cron/routine.go:31] [32måŠå°æ™‚åŸ·è¡Œå®Œç•¢[0m
[2025-07-15 16:00:00] [INFO] [/Users/guanlin/Desktop/gps_project/PetTracker/cron/routine.go:29] [32mæ¯åŠå°æ™‚åŸ·è¡Œç¨‹åº, ç¾åœ¨æ™‚é–“: 16:00:00[0m
[2025-07-15 16:00:00] [INFO] [/Users/guanlin/Desktop/gps_project/PetTracker/cron/routine.go:36] [32mæ¯å°æ™‚åŸ·è¡Œç¨‹åº, ç¾åœ¨æ™‚é–“: 16:00:00[0m
[2025-07-15 16:00:00] [INFO] [/Users/guanlin/Desktop/gps_project/PetTracker/cron/persist/gps.go:18] [32mé–‹å§‹åŸ·è¡Œ GPS DATA æŒä¹…åŒ–...[0m
[2025-07-15 16:00:00] [INFO] [/Users/guanlin/Desktop/gps_project/PetTracker/cron/routine.go:37] [32må°æ™‚åŸ·è¡Œå®Œç•¢[0m
[2025-07-15 16:00:00] [DEBUG] [/Users/guanlin/Desktop/gps_project/PetTracker/cron/persist/gps.go:27] [36må–å¾— 0 ç­†è£ç½®è³‡æ–™, é–‹å§‹è®€å–[0m
[2025-07-15 16:00:00] [INFO] [/Users/guanlin/Desktop/gps_project/PetTracker/cron/routine.go:31] [32måŠå°æ™‚åŸ·è¡Œå®Œç•¢[0m
[2025-07-15 16:30:00] [INFO] [/Users/guanlin/Desktop/gps_project/PetTracker/cron/routine.go:29] [32mæ¯åŠå°æ™‚åŸ·è¡Œç¨‹åº, ç¾åœ¨æ™‚é–“: 16:30:00[0m
[2025-07-15 16:30:00] [INFO] [/Users/guanlin/Desktop/gps_project/PetTracker/cron/persist/gps.go:18] [32mé–‹å§‹åŸ·è¡Œ GPS DATA æŒä¹…åŒ–...[0m
[2025-07-15 16:30:00] [DEBUG] [/Users/guanlin/Desktop/gps_project/PetTracker/cron/persist/gps.go:27] [36må–å¾— 0 ç­†è£ç½®è³‡æ–™, é–‹å§‹è®€å–[0m
[2025-07-15 16:30:00] [INFO] [/Users/guanlin/Desktop/gps_project/PetTracker/cron/routine.go:31] [32måŠå°æ™‚åŸ·è¡Œå®Œç•¢[0m
[2025-07-15 16:51:22] [DEBUG] [/Users/guanlin/Desktop/gps_project/PetTracker/core/init/initMachine.go:29] [36m âœ… MariaDBè³‡æ–™åº«é€£æ¥æˆåŠŸ[0m
[2025-07-15 16:51:22] [DEBUG] [/Users/guanlin/Desktop/gps_project/PetTracker/core/init/initMachine.go:47] [36m âœ… Redisè³‡æ–™åº«é€£æ¥æˆåŠŸ[0m
[2025-07-15 16:51:22] [INFO] [/Users/guanlin/Desktop/gps_project/PetTracker/main/main.go:18] [32m http server å·²å•Ÿå‹•, ä½¿ç”¨ PORT: 8000[0m
[2025-07-15 16:56:43] [DEBUG] [/Users/guanlin/Desktop/gps_project/PetTracker/core/init/initMachine.go:29] [36m âœ… MariaDBè³‡æ–™åº«é€£æ¥æˆåŠŸ[0m
[2025-07-15 16:56:43] [DEBUG] [/Users/guanlin/Desktop/gps_project/PetTracker/core/init/initMachine.go:47] [36m âœ… Redisè³‡æ–™åº«é€£æ¥æˆåŠŸ[0m
[2025-07-15 16:56:43] [INFO] [/Users/guanlin/Desktop/gps_project/PetTracker/main/main.go:18] [32m http server å·²å•Ÿå‹•, ä½¿ç”¨ PORT: 8000[0m
[2025-07-15 16:57:18] [DEBUG] [/Users/guanlin/Desktop/gps_project/PetTracker/core/init/initMachine.go:29] [36m âœ… MariaDBè³‡æ–™åº«é€£æ¥æˆåŠŸ[0m
[2025-07-15 16:57:18] [DEBUG] [/Users/guanlin/Desktop/gps_project/PetTracker/core/init/initMachine.go:47] [36m âœ… Redisè³‡æ–™åº«é€£æ¥æˆåŠŸ[0m
[2025-07-15 16:57:18] [INFO] [/Users/guanlin/Desktop/gps_project/PetTracker/main/main.go:18] [32m http server å·²å•Ÿå‹•, ä½¿ç”¨ PORT: 8000[0m
[2025-07-15 16:58:03] [DEBUG] [/Users/guanlin/Desktop/gps_project/PetTracker/core/init/initMachine.go:29] [36m âœ… MariaDBè³‡æ–™åº«é€£æ¥æˆåŠŸ[0m
[2025-07-15 16:58:03] [DEBUG] [/Users/guanlin/Desktop/gps_project/PetTracker/core/init/initMachine.go:47] [36m âœ… Redisè³‡æ–™åº«é€£æ¥æˆåŠŸ[0m
[2025-07-15 16:58:03] [INFO] [/Users/guanlin/Desktop/gps_project/PetTracker/main/main.go:18] [32m http server å·²å•Ÿå‹•, ä½¿ç”¨ PORT: 8000[0m
[2025-07-15 16:58:56] [DEBUG] [/Users/guanlin/Desktop/gps_project/PetTracker/core/init/initMachine.go:29] [36m âœ… MariaDBè³‡æ–™åº«é€£æ¥æˆåŠŸ[0m
[2025-07-15 16:58:56] [DEBUG] [/Users/guanlin/Desktop/gps_project/PetTracker/core/init/initMachine.go:47] [36m âœ… Redisè³‡æ–™åº«é€£æ¥æˆåŠŸ[0m
[2025-07-15 16:58:56] [INFO] [/Users/guanlin/Desktop/gps_project/PetTracker/main/main.go:18] [32m http server å·²å•Ÿå‹•, ä½¿ç”¨ PORT: 8000[0m
[2025-07-15 17:00:00] [INFO] [/Users/guanlin/Desktop/gps_project/PetTracker/cron/routine.go:29] [32mæ¯åŠå°æ™‚åŸ·è¡Œç¨‹åº, ç¾åœ¨æ™‚é–“: 17:00:00[0m
[2025-07-15 17:00:00] [INFO] [/Users/guanlin/Desktop/gps_project/PetTracker/cron/routine.go:36] [32mæ¯å°æ™‚åŸ·è¡Œç¨‹åº, ç¾åœ¨æ™‚é–“: 17:00:00[0m
[2025-07-15 17:00:00] [INFO] [/Users/guanlin/Desktop/gps_project/PetTracker/cron/routine.go:37] [32må°æ™‚åŸ·è¡Œå®Œç•¢[0m
[2025-07-15 17:00:00] [INFO] [/Users/guanlin/Desktop/gps_project/PetTracker/cron/persist/gps.go:18] [32mé–‹å§‹åŸ·è¡Œ GPS DATA æŒä¹…åŒ–...[0m
[2025-07-15 17:00:00] [DEBUG] [/Users/guanlin/Desktop/gps_project/PetTracker/cron/persist/gps.go:27] [36må–å¾— 0 ç­†è£ç½®è³‡æ–™, é–‹å§‹è®€å–[0m
[2025-07-15 17:00:00] [INFO] [/Users/guanlin/Desktop/gps_project/PetTracker/cron/routine.go:31] [32måŠå°æ™‚åŸ·è¡Œå®Œç•¢[0m
[2025-07-15 17:00:17] [DEBUG] [/Users/guanlin/Desktop/gps_project/PetTracker/core/init/initMachine.go:29] [36m âœ… MariaDBè³‡æ–™åº«é€£æ¥æˆåŠŸ[0m
[2025-07-15 17:00:17] [DEBUG] [/Users/guanlin/Desktop/gps_project/PetTracker/core/init/initMachine.go:47] [36m âœ… Redisè³‡æ–™åº«é€£æ¥æˆåŠŸ[0m
[2025-07-15 17:00:17] [INFO] [/Users/guanlin/Desktop/gps_project/PetTracker/main/main.go:18] [32m http server å·²å•Ÿå‹•, ä½¿ç”¨ PORT: 8000[0m
[2025-07-15 17:01:09] [DEBUG] [/Users/guanlin/Desktop/gps_project/PetTracker/core/init/initMachine.go:29] [36m âœ… MariaDBè³‡æ–™åº«é€£æ¥æˆåŠŸ[0m
[2025-07-15 17:01:09] [DEBUG] [/Users/guanlin/Desktop/gps_project/PetTracker/core/init/initMachine.go:47] [36m âœ… Redisè³‡æ–™åº«é€£æ¥æˆåŠŸ[0m
[2025-07-15 17:01:09] [INFO] [/Users/guanlin/Desktop/gps_project/PetTracker/main/main.go:18] [32m http server å·²å•Ÿå‹•, ä½¿ç”¨ PORT: 8000[0m
[2025-07-15 17:30:00] [INFO] [/Users/guanlin/Desktop/gps_project/PetTracker/cron/routine.go:29] [32mæ¯åŠå°æ™‚åŸ·è¡Œç¨‹åº, ç¾åœ¨æ™‚é–“: 17:30:00[0m
[2025-07-15 17:30:00] [INFO] [/Users/guanlin/Desktop/gps_project/PetTracker/cron/persist/gps.go:18] [32mé–‹å§‹åŸ·è¡Œ GPS DATA æŒä¹…åŒ–...[0m
[2025-07-15 17:30:00] [DEBUG] [/Users/guanlin/Desktop/gps_project/PetTracker/cron/persist/gps.go:27] [36må–å¾— 0 ç­†è£ç½®è³‡æ–™, é–‹å§‹è®€å–[0m
[2025-07-15 17:30:00] [INFO] [/Users/guanlin/Desktop/gps_project/PetTracker/cron/routine.go:31] [32måŠå°æ™‚åŸ·è¡Œå®Œç•¢[0m
[2025-07-15 18:00:00] [INFO] [/Users/guanlin/Desktop/gps_project/PetTracker/cron/routine.go:29] [32mæ¯åŠå°æ™‚åŸ·è¡Œç¨‹åº, ç¾åœ¨æ™‚é–“: 18:00:00[0m
[2025-07-15 18:00:00] [INFO] [/Users/guanlin/Desktop/gps_project/PetTracker/cron/routine.go:36] [32mæ¯å°æ™‚åŸ·è¡Œç¨‹åº, ç¾åœ¨æ™‚é–“: 18:00:00[0m
[2025-07-15 18:00:00] [INFO] [/Users/guanlin/Desktop/gps_project/PetTracker/cron/routine.go:37] [32må°æ™‚åŸ·è¡Œå®Œç•¢[0m
[2025-07-15 18:00:00] [INFO] [/Users/guanlin/Desktop/gps_project/PetTracker/cron/persist/gps.go:18] [32mé–‹å§‹åŸ·è¡Œ GPS DATA æŒä¹…åŒ–...[0m
[2025-07-15 18:00:00] [DEBUG] [/Users/guanlin/Desktop/gps_project/PetTracker/cron/persist/gps.go:27] [36må–å¾— 0 ç­†è£ç½®è³‡æ–™, é–‹å§‹è®€å–[0m
[2025-07-15 18:00:00] [INFO] [/Users/guanlin/Desktop/gps_project/PetTracker/cron/routine.go:31] [32måŠå°æ™‚åŸ·è¡Œå®Œç•¢[0m
[2025-07-15 18:30:00] [INFO] [/Users/guanlin/Desktop/gps_project/PetTracker/cron/routine.go:29] [32mæ¯åŠå°æ™‚åŸ·è¡Œç¨‹åº, ç¾åœ¨æ™‚é–“: 18:30:00[0m
[2025-07-15 18:30:00] [INFO] [/Users/guanlin/Desktop/gps_project/PetTracker/cron/persist/gps.go:18] [32mé–‹å§‹åŸ·è¡Œ GPS DATA æŒä¹…åŒ–...[0m
[2025-07-15 18:30:00] [DEBUG] [/Users/guanlin/Desktop/gps_project/PetTracker/cron/persist/gps.go:27] [36må–å¾— 0 ç­†è£ç½®è³‡æ–™, é–‹å§‹è®€å–[0m
[2025-07-15 18:30:00] [INFO] [/Users/guanlin/Desktop/gps_project/PetTracker/cron/routine.go:31] [32måŠå°æ™‚åŸ·è¡Œå®Œç•¢[0m
[2025-07-15 19:00:00] [INFO] [/Users/guanlin/Desktop/gps_project/PetTracker/cron/routine.go:29] [32mæ¯åŠå°æ™‚åŸ·è¡Œç¨‹åº, ç¾åœ¨æ™‚é–“: 19:00:00[0m
[2025-07-15 19:00:00] [INFO] [/Users/guanlin/Desktop/gps_project/PetTracker/cron/routine.go:36] [32mæ¯å°æ™‚åŸ·è¡Œç¨‹åº, ç¾åœ¨æ™‚é–“: 19:00:00[0m
[2025-07-15 19:00:00] [INFO] [/Users/guanlin/Desktop/gps_project/PetTracker/cron/routine.go:37] [32må°æ™‚åŸ·è¡Œå®Œç•¢[0m
[2025-07-15 19:00:00] [INFO] [/Users/guanlin/Desktop/gps_project/PetTracker/cron/persist/gps.go:18] [32mé–‹å§‹åŸ·è¡Œ GPS DATA æŒä¹…åŒ–...[0m
[2025-07-15 19:00:00] [DEBUG] [/Users/guanlin/Desktop/gps_project/PetTracker/cron/persist/gps.go:27] [36må–å¾— 0 ç­†è£ç½®è³‡æ–™, é–‹å§‹è®€å–[0m
[2025-07-15 19:00:00] [INFO] [/Users/guanlin/Desktop/gps_project/PetTracker/cron/routine.go:31] [32måŠå°æ™‚åŸ·è¡Œå®Œç•¢[0m
[2025-07-15 19:30:00] [INFO] [/Users/guanlin/Desktop/gps_project/PetTracker/cron/routine.go:29] [32mæ¯åŠå°æ™‚åŸ·è¡Œç¨‹åº, ç¾åœ¨æ™‚é–“: 19:30:00[0m
[2025-07-15 19:30:00] [INFO] [/Users/guanlin/Desktop/gps_project/PetTracker/cron/persist/gps.go:18] [32mé–‹å§‹åŸ·è¡Œ GPS DATA æŒä¹…åŒ–...[0m
[2025-07-15 19:30:00] [DEBUG] [/Users/guanlin/Desktop/gps_project/PetTracker/cron/persist/gps.go:27] [36må–å¾— 0 ç­†è£ç½®è³‡æ–™, é–‹å§‹è®€å–[0m
[2025-07-15 19:30:00] [INFO] [/Users/guanlin/Desktop/gps_project/PetTracker/cron/routine.go:31] [32måŠå°æ™‚åŸ·è¡Œå®Œç•¢[0m
[2025-07-15 20:00:00] [INFO] [/Users/guanlin/Desktop/gps_project/PetTracker/cron/routine.go:36] [32mæ¯å°æ™‚åŸ·è¡Œç¨‹åº, ç¾åœ¨æ™‚é–“: 20:00:00[0m
[2025-07-15 20:00:00] [INFO] [/Users/guanlin/Desktop/gps_project/PetTracker/cron/routine.go:29] [32mæ¯åŠå°æ™‚åŸ·è¡Œç¨‹åº, ç¾åœ¨æ™‚é–“: 20:00:00[0m
[2025-07-15 20:00:00] [INFO] [/Users/guanlin/Desktop/gps_project/PetTracker/cron/routine.go:37] [32må°æ™‚åŸ·è¡Œå®Œç•¢[0m
[2025-07-15 20:00:00] [INFO] [/Users/guanlin/Desktop/gps_project/PetTracker/cron/persist/gps.go:18] [32mé–‹å§‹åŸ·è¡Œ GPS DATA æŒä¹…åŒ–...[0m
[2025-07-15 20:00:00] [DEBUG] [/Users/guanlin/Desktop/gps_project/PetTracker/cron/persist/gps.go:27] [36må–å¾— 0 ç­†è£ç½®è³‡æ–™, é–‹å§‹è®€å–[0m
[2025-07-15 20:00:00] [INFO] [/Users/guanlin/Desktop/gps_project/PetTracker/cron/routine.go:31] [32måŠå°æ™‚åŸ·è¡Œå®Œç•¢[0m
[2025-07-15 20:30:00] [INFO] [/Users/guanlin/Desktop/gps_project/PetTracker/cron/routine.go:29] [32mæ¯åŠå°æ™‚åŸ·è¡Œç¨‹åº, ç¾åœ¨æ™‚é–“: 20:30:00[0m
[2025-07-15 20:30:00] [INFO] [/Users/guanlin/Desktop/gps_project/PetTracker/cron/persist/gps.go:18] [32mé–‹å§‹åŸ·è¡Œ GPS DATA æŒä¹…åŒ–...[0m
[2025-07-15 20:30:00] [DEBUG] [/Users/guanlin/Desktop/gps_project/PetTracker/cron/persist/gps.go:27] [36må–å¾— 0 ç­†è£ç½®è³‡æ–™, é–‹å§‹è®€å–[0m
[2025-07-15 20:30:00] [INFO] [/Users/guanlin/Desktop/gps_project/PetTracker/cron/routine.go:31] [32måŠå°æ™‚åŸ·è¡Œå®Œç•¢[0m
[2025-07-15 21:00:00] [INFO] [/Users/guanlin/Desktop/gps_project/PetTracker/cron/routine.go:36] [32mæ¯å°æ™‚åŸ·è¡Œç¨‹åº, ç¾åœ¨æ™‚é–“: 21:00:00[0m
[2025-07-15 21:00:00] [INFO] [/Users/guanlin/Desktop/gps_project/PetTracker/cron/routine.go:29] [32mæ¯åŠå°æ™‚åŸ·è¡Œç¨‹åº, ç¾åœ¨æ™‚é–“: 21:00:00[0m
[2025-07-15 21:00:00] [INFO] [/Users/guanlin/Desktop/gps_project/PetTracker/cron/routine.go:37] [32må°æ™‚åŸ·è¡Œå®Œç•¢[0m
[2025-07-15 21:00:00] [INFO] [/Users/guanlin/Desktop/gps_project/PetTracker/cron/persist/gps.go:18] [32mé–‹å§‹åŸ·è¡Œ GPS DATA æŒä¹…åŒ–...[0m
[2025-07-15 21:00:00] [DEBUG] [/Users/guanlin/Desktop/gps_project/PetTracker/cron/persist/gps.go:27] [36må–å¾— 0 ç­†è£ç½®è³‡æ–™, é–‹å§‹è®€å–[0m
[2025-07-15 21:00:00] [INFO] [/Users/guanlin/Desktop/gps_project/PetTracker/cron/routine.go:31] [32måŠå°æ™‚åŸ·è¡Œå®Œç•¢[0m
[2025-07-15 21:30:00] [INFO] [/Users/guanlin/Desktop/gps_project/PetTracker/cron/routine.go:29] [32mæ¯åŠå°æ™‚åŸ·è¡Œç¨‹åº, ç¾åœ¨æ™‚é–“: 21:30:00[0m
[2025-07-15 21:30:00] [INFO] [/Users/guanlin/Desktop/gps_project/PetTracker/cron/persist/gps.go:18] [32mé–‹å§‹åŸ·è¡Œ GPS DATA æŒä¹…åŒ–...[0m
[2025-07-15 21:30:00] [DEBUG] [/Users/guanlin/Desktop/gps_project/PetTracker/cron/persist/gps.go:27] [36må–å¾— 0 ç­†è£ç½®è³‡æ–™, é–‹å§‹è®€å–[0m
[2025-07-15 21:30:00] [INFO] [/Users/guanlin/Desktop/gps_project/PetTracker/cron/routine.go:31] [32måŠå°æ™‚åŸ·è¡Œå®Œç•¢[0m
[2025-07-15 22:00:00] [INFO] [/Users/guanlin/Desktop/gps_project/PetTracker/cron/routine.go:36] [32mæ¯å°æ™‚åŸ·è¡Œç¨‹åº, ç¾åœ¨æ™‚é–“: 22:00:00[0m
[2025-07-15 22:00:00] [INFO] [/Users/guanlin/Desktop/gps_project/PetTracker/cron/routine.go:29] [32mæ¯åŠå°æ™‚åŸ·è¡Œç¨‹åº, ç¾åœ¨æ™‚é–“: 22:00:00[0m
[2025-07-15 22:00:00] [INFO] [/Users/guanlin/Desktop/gps_project/PetTracker/cron/routine.go:37] [32må°æ™‚åŸ·è¡Œå®Œç•¢[0m
[2025-07-15 22:00:00] [INFO] [/Users/guanlin/Desktop/gps_project/PetTracker/cron/persist/gps.go:18] [32mé–‹å§‹åŸ·è¡Œ GPS DATA æŒä¹…åŒ–...[0m
[2025-07-15 22:00:00] [DEBUG] [/Users/guanlin/Desktop/gps_project/PetTracker/cron/persist/gps.go:27] [36må–å¾— 0 ç­†è£ç½®è³‡æ–™, é–‹å§‹è®€å–[0m
[2025-07-15 22:00:00] [INFO] [/Users/guanlin/Desktop/gps_project/PetTracker/cron/routine.go:31] [32måŠå°æ™‚åŸ·è¡Œå®Œç•¢[0m
[2025-07-15 22:30:00] [INFO] [/Users/guanlin/Desktop/gps_project/PetTracker/cron/routine.go:29] [32mæ¯åŠå°æ™‚åŸ·è¡Œç¨‹åº, ç¾åœ¨æ™‚é–“: 22:30:00[0m
[2025-07-15 22:30:00] [INFO] [/Users/guanlin/Desktop/gps_project/PetTracker/cron/persist/gps.go:18] [32mé–‹å§‹åŸ·è¡Œ GPS DATA æŒä¹…åŒ–...[0m
[2025-07-15 22:30:00] [DEBUG] [/Users/guanlin/Desktop/gps_project/PetTracker/cron/persist/gps.go:27] [36må–å¾— 0 ç­†è£ç½®è³‡æ–™, é–‹å§‹è®€å–[0m
[2025-07-15 22:30:00] [INFO] [/Users/guanlin/Desktop/gps_project/PetTracker/cron/routine.go:31] [32måŠå°æ™‚åŸ·è¡Œå®Œç•¢[0m
[2025-07-15 23:00:00] [INFO] [/Users/guanlin/Desktop/gps_project/PetTracker/cron/routine.go:29] [32mæ¯åŠå°æ™‚åŸ·è¡Œç¨‹åº, ç¾åœ¨æ™‚é–“: 23:00:00[0m
[2025-07-15 23:00:00] [INFO] [/Users/guanlin/Desktop/gps_project/PetTracker/cron/routine.go:36] [32mæ¯å°æ™‚åŸ·è¡Œç¨‹åº, ç¾åœ¨æ™‚é–“: 23:00:00[0m
[2025-07-15 23:00:00] [INFO] [/Users/guanlin/Desktop/gps_project/PetTracker/cron/routine.go:37] [32må°æ™‚åŸ·è¡Œå®Œç•¢[0m
[2025-07-15 23:00:00] [INFO] [/Users/guanlin/Desktop/gps_project/PetTracker/cron/persist/gps.go:18] [32mé–‹å§‹åŸ·è¡Œ GPS DATA æŒä¹…åŒ–...[0m
[2025-07-15 23:00:00] [DEBUG] [/Users/guanlin/Desktop/gps_project/PetTracker/cron/persist/gps.go:27] [36må–å¾— 0 ç­†è£ç½®è³‡æ–™, é–‹å§‹è®€å–[0m
[2025-07-15 23:00:00] [INFO] [/Users/guanlin/Desktop/gps_project/PetTracker/cron/routine.go:31] [32måŠå°æ™‚åŸ·è¡Œå®Œç•¢[0m
[2025-07-15 23:30:00] [INFO] [/Users/guanlin/Desktop/gps_project/PetTracker/cron/routine.go:29] [32mæ¯åŠå°æ™‚åŸ·è¡Œç¨‹åº, ç¾åœ¨æ™‚é–“: 23:30:00[0m
[2025-07-15 23:30:00] [INFO] [/Users/guanlin/Desktop/gps_project/PetTracker/cron/persist/gps.go:18] [32mé–‹å§‹åŸ·è¡Œ GPS DATA æŒä¹…åŒ–...[0m
[2025-07-15 23:30:00] [DEBUG] [/Users/guanlin/Desktop/gps_project/PetTracker/cron/persist/gps.go:27] [36må–å¾— 0 ç­†è£ç½®è³‡æ–™, é–‹å§‹è®€å–[0m
[2025-07-15 23:30:00] [INFO] [/Users/guanlin/Desktop/gps_project/PetTracker/cron/routine.go:31] [32måŠå°æ™‚åŸ·è¡Œå®Œç•¢[0m
[2025-07-16 00:00:00] [INFO] [/Users/guanlin/Desktop/gps_project/PetTracker/cron/routine.go:36] [32mæ¯å°æ™‚åŸ·è¡Œç¨‹åº, ç¾åœ¨æ™‚é–“: 00:00:00[0m
[2025-07-16 00:00:00] [INFO] [/Users/guanlin/Desktop/gps_project/PetTracker/cron/routine.go:29] [32mæ¯åŠå°æ™‚åŸ·è¡Œç¨‹åº, ç¾åœ¨æ™‚é–“: 00:00:00[0m
[2025-07-16 00:00:00] [INFO] [/Users/guanlin/Desktop/gps_project/PetTracker/cron/routine.go:37] [32må°æ™‚åŸ·è¡Œå®Œç•¢[0m
[2025-07-16 00:00:00] [INFO] [/Users/guanlin/Desktop/gps_project/PetTracker/cron/persist/gps.go:18] [32mé–‹å§‹åŸ·è¡Œ GPS DATA æŒä¹…åŒ–...[0m
[2025-07-16 00:00:00] [DEBUG] [/Users/guanlin/Desktop/gps_project/PetTracker/cron/persist/gps.go:27] [36må–å¾— 0 ç­†è£ç½®è³‡æ–™, é–‹å§‹è®€å–[0m
[2025-07-16 00:00:00] [INFO] [/Users/guanlin/Desktop/gps_project/PetTracker/cron/routine.go:31] [32måŠå°æ™‚åŸ·è¡Œå®Œç•¢[0m
[2025-07-16 00:30:00] [INFO] [/Users/guanlin/Desktop/gps_project/PetTracker/cron/routine.go:29] [32mæ¯åŠå°æ™‚åŸ·è¡Œç¨‹åº, ç¾åœ¨æ™‚é–“: 00:30:00[0m
[2025-07-16 00:30:00] [INFO] [/Users/guanlin/Desktop/gps_project/PetTracker/cron/persist/gps.go:18] [32mé–‹å§‹åŸ·è¡Œ GPS DATA æŒä¹…åŒ–...[0m
[2025-07-16 00:30:00] [DEBUG] [/Users/guanlin/Desktop/gps_project/PetTracker/cron/persist/gps.go:27] [36må–å¾— 0 ç­†è£ç½®è³‡æ–™, é–‹å§‹è®€å–[0m
[2025-07-16 00:30:00] [INFO] [/Users/guanlin/Desktop/gps_project/PetTracker/cron/routine.go:31] [32måŠå°æ™‚åŸ·è¡Œå®Œç•¢[0m
[2025-07-16 01:00:00] [INFO] [/Users/guanlin/Desktop/gps_project/PetTracker/cron/routine.go:36] [32mæ¯å°æ™‚åŸ·è¡Œç¨‹åº, ç¾åœ¨æ™‚é–“: 01:00:00[0m
[2025-07-16 01:00:00] [INFO] [/Users/guanlin/Desktop/gps_project/PetTracker/cron/routine.go:37] [32må°æ™‚åŸ·è¡Œå®Œç•¢[0m
[2025-07-16 01:00:00] [INFO] [/Users/guanlin/Desktop/gps_project/PetTracker/cron/routine.go:29] [32mæ¯åŠå°æ™‚åŸ·è¡Œç¨‹åº, ç¾åœ¨æ™‚é–“: 01:00:00[0m
[2025-07-16 01:00:00] [INFO] [/Users/guanlin/Desktop/gps_project/PetTracker/cron/persist/gps.go:18] [32mé–‹å§‹åŸ·è¡Œ GPS DATA æŒä¹…åŒ–...[0m
[2025-07-16 01:00:00] [DEBUG] [/Users/guanlin/Desktop/gps_project/PetTracker/cron/persist/gps.go:27] [36må–å¾— 0 ç­†è£ç½®è³‡æ–™, é–‹å§‹è®€å–[0m
[2025-07-16 01:00:00] [INFO] [/Users/guanlin/Desktop/gps_project/PetTracker/cron/routine.go:31] [32måŠå°æ™‚åŸ·è¡Œå®Œç•¢[0m
[2025-07-16 01:30:00] [INFO] [/Users/guanlin/Desktop/gps_project/PetTracker/cron/routine.go:29] [32mæ¯åŠå°æ™‚åŸ·è¡Œç¨‹åº, ç¾åœ¨æ™‚é–“: 01:30:00[0m
[2025-07-16 01:30:00] [INFO] [/Users/guanlin/Desktop/gps_project/PetTracker/cron/persist/gps.go:18] [32mé–‹å§‹åŸ·è¡Œ GPS DATA æŒä¹…åŒ–...[0m
[2025-07-16 01:30:00] [DEBUG] [/Users/guanlin/Desktop/gps_project/PetTracker/cron/persist/gps.go:27] [36må–å¾— 0 ç­†è£ç½®è³‡æ–™, é–‹å§‹è®€å–[0m
[2025-07-16 01:30:00] [INFO] [/Users/guanlin/Desktop/gps_project/PetTracker/cron/routine.go:31] [32måŠå°æ™‚åŸ·è¡Œå®Œç•¢[0m
[2025-07-16 02:00:00] [INFO] [/Users/guanlin/Desktop/gps_project/PetTracker/cron/routine.go:29] [32mæ¯åŠå°æ™‚åŸ·è¡Œç¨‹åº, ç¾åœ¨æ™‚é–“: 02:00:00[0m
[2025-07-16 02:00:00] [INFO] [/Users/guanlin/Desktop/gps_project/PetTracker/cron/routine.go:36] [32mæ¯å°æ™‚åŸ·è¡Œç¨‹åº, ç¾åœ¨æ™‚é–“: 02:00:00[0m
[2025-07-16 02:00:00] [INFO] [/Users/guanlin/Desktop/gps_project/PetTracker/cron/routine.go:37] [32må°æ™‚åŸ·è¡Œå®Œç•¢[0m
[2025-07-16 02:00:00] [INFO] [/Users/guanlin/Desktop/gps_project/PetTracker/cron/persist/gps.go:18] [32mé–‹å§‹åŸ·è¡Œ GPS DATA æŒä¹…åŒ–...[0m
[2025-07-16 02:00:00] [DEBUG] [/Users/guanlin/Desktop/gps_project/PetTracker/cron/persist/gps.go:27] [36må–å¾— 0 ç­†è£ç½®è³‡æ–™, é–‹å§‹è®€å–[0m
[2025-07-16 02:00:00] [INFO] [/Users/guanlin/Desktop/gps_project/PetTracker/cron/routine.go:31] [32måŠå°æ™‚åŸ·è¡Œå®Œç•¢[0m
[2025-07-16 02:30:00] [INFO] [/Users/guanlin/Desktop/gps_project/PetTracker/cron/routine.go:29] [32mæ¯åŠå°æ™‚åŸ·è¡Œç¨‹åº, ç¾åœ¨æ™‚é–“: 02:30:00[0m
[2025-07-16 02:30:00] [INFO] [/Users/guanlin/Desktop/gps_project/PetTracker/cron/persist/gps.go:18] [32mé–‹å§‹åŸ·è¡Œ GPS DATA æŒä¹…åŒ–...[0m
[2025-07-16 02:30:00] [DEBUG] [/Users/guanlin/Desktop/gps_project/PetTracker/cron/persist/gps.go:27] [36må–å¾— 0 ç­†è£ç½®è³‡æ–™, é–‹å§‹è®€å–[0m
[2025-07-16 02:30:00] [INFO] [/Users/guanlin/Desktop/gps_project/PetTracker/cron/routine.go:31] [32måŠå°æ™‚åŸ·è¡Œå®Œç•¢[0m
[2025-07-16 03:00:00] [INFO] [/Users/guanlin/Desktop/gps_project/PetTracker/cron/routine.go:29] [32mæ¯åŠå°æ™‚åŸ·è¡Œç¨‹åº, ç¾åœ¨æ™‚é–“: 03:00:00[0m
[2025-07-16 03:00:00] [INFO] [/Users/guanlin/Desktop/gps_project/PetTracker/cron/routine.go:36] [32mæ¯å°æ™‚åŸ·è¡Œç¨‹åº, ç¾åœ¨æ™‚é–“: 03:00:00[0m
[2025-07-16 03:00:00] [INFO] [/Users/guanlin/Desktop/gps_project/PetTracker/cron/persist/gps.go:18] [32mé–‹å§‹åŸ·è¡Œ GPS DATA æŒä¹…åŒ–...[0m
[2025-07-16 03:00:00] [INFO] [/Users/guanlin/Desktop/gps_project/PetTracker/cron/routine.go:37] [32må°æ™‚åŸ·è¡Œå®Œç•¢[0m
[2025-07-16 03:00:00] [DEBUG] [/Users/guanlin/Desktop/gps_project/PetTracker/cron/persist/gps.go:27] [36må–å¾— 0 ç­†è£ç½®è³‡æ–™, é–‹å§‹è®€å–[0m
[2025-07-16 03:00:00] [INFO] [/Users/guanlin/Desktop/gps_project/PetTracker/cron/routine.go:31] [32måŠå°æ™‚åŸ·è¡Œå®Œç•¢[0m
[2025-07-16 03:30:00] [INFO] [/Users/guanlin/Desktop/gps_project/PetTracker/cron/routine.go:29] [32mæ¯åŠå°æ™‚åŸ·è¡Œç¨‹åº, ç¾åœ¨æ™‚é–“: 03:30:00[0m
[2025-07-16 03:30:00] [INFO] [/Users/guanlin/Desktop/gps_project/PetTracker/cron/persist/gps.go:18] [32mé–‹å§‹åŸ·è¡Œ GPS DATA æŒä¹…åŒ–...[0m
[2025-07-16 03:30:00] [DEBUG] [/Users/guanlin/Desktop/gps_project/PetTracker/cron/persist/gps.go:27] [36må–å¾— 0 ç­†è£ç½®è³‡æ–™, é–‹å§‹è®€å–[0m
[2025-07-16 03:30:00] [INFO] [/Users/guanlin/Desktop/gps_project/PetTracker/cron/routine.go:31] [32måŠå°æ™‚åŸ·è¡Œå®Œç•¢[0m
[2025-07-16 04:00:00] [INFO] [/Users/guanlin/Desktop/gps_project/PetTracker/cron/routine.go:29] [32mæ¯åŠå°æ™‚åŸ·è¡Œç¨‹åº, ç¾åœ¨æ™‚é–“: 04:00:00[0m
[2025-07-16 04:00:00] [INFO] [/Users/guanlin/Desktop/gps_project/PetTracker/cron/routine.go:36] [32mæ¯å°æ™‚åŸ·è¡Œç¨‹åº, ç¾åœ¨æ™‚é–“: 04:00:00[0m
[2025-07-16 04:00:00] [INFO] [/Users/guanlin/Desktop/gps_project/PetTracker/cron/persist/gps.go:18] [32mé–‹å§‹åŸ·è¡Œ GPS DATA æŒä¹…åŒ–...[0m
[2025-07-16 04:00:00] [INFO] [/Users/guanlin/Desktop/gps_project/PetTracker/cron/routine.go:37] [32må°æ™‚åŸ·è¡Œå®Œç•¢[0m
[2025-07-16 04:00:00] [DEBUG] [/Users/guanlin/Desktop/gps_project/PetTracker/cron/persist/gps.go:27] [36må–å¾— 0 ç­†è£ç½®è³‡æ–™, é–‹å§‹è®€å–[0m
[2025-07-16 04:00:00] [INFO] [/Users/guanlin/Desktop/gps_project/PetTracker/cron/routine.go:31] [32måŠå°æ™‚åŸ·è¡Œå®Œç•¢[0m
[2025-07-16 04:30:00] [INFO] [/Users/guanlin/Desktop/gps_project/PetTracker/cron/routine.go:29] [32mæ¯åŠå°æ™‚åŸ·è¡Œç¨‹åº, ç¾åœ¨æ™‚é–“: 04:30:00[0m
[2025-07-16 04:30:00] [INFO] [/Users/guanlin/Desktop/gps_project/PetTracker/cron/persist/gps.go:18] [32mé–‹å§‹åŸ·è¡Œ GPS DATA æŒä¹…åŒ–...[0m
[2025-07-16 04:30:00] [DEBUG] [/Users/guanlin/Desktop/gps_project/PetTracker/cron/persist/gps.go:27] [36må–å¾— 0 ç­†è£ç½®è³‡æ–™, é–‹å§‹è®€å–[0m
[2025-07-16 04:30:00] [INFO] [/Users/guanlin/Desktop/gps_project/PetTracker/cron/routine.go:31] [32måŠå°æ™‚åŸ·è¡Œå®Œç•¢[0m
[2025-07-16 05:00:00] [INFO] [/Users/guanlin/Desktop/gps_project/PetTracker/cron/routine.go:36] [32mæ¯å°æ™‚åŸ·è¡Œç¨‹åº, ç¾åœ¨æ™‚é–“: 05:00:00[0m
[2025-07-16 05:00:00] [INFO] [/Users/guanlin/Desktop/gps_project/PetTracker/cron/routine.go:29] [32mæ¯åŠå°æ™‚åŸ·è¡Œç¨‹åº, ç¾åœ¨æ™‚é–“: 05:00:00[0m
[2025-07-16 05:00:00] [INFO] [/Users/guanlin/Desktop/gps_project/PetTracker/cron/routine.go:37] [32må°æ™‚åŸ·è¡Œå®Œç•¢[0m
[2025-07-16 05:00:00] [INFO] [/Users/guanlin/Desktop/gps_project/PetTracker/cron/persist/gps.go:18] [32mé–‹å§‹åŸ·è¡Œ GPS DATA æŒä¹…åŒ–...[0m
[2025-07-16 05:00:00] [DEBUG] [/Users/guanlin/Desktop/gps_project/PetTracker/cron/persist/gps.go:27] [36må–å¾— 0 ç­†è£ç½®è³‡æ–™, é–‹å§‹è®€å–[0m
[2025-07-16 05:00:00] [INFO] [/Users/guanlin/Desktop/gps_project/PetTracker/cron/routine.go:31] [32måŠå°æ™‚åŸ·è¡Œå®Œç•¢[0m
[2025-07-16 05:30:00] [INFO] [/Users/guanlin/Desktop/gps_project/PetTracker/cron/routine.go:29] [32mæ¯åŠå°æ™‚åŸ·è¡Œç¨‹åº, ç¾åœ¨æ™‚é–“: 05:30:00[0m
[2025-07-16 05:30:00] [INFO] [/Users/guanlin/Desktop/gps_project/PetTracker/cron/persist/gps.go:18] [32mé–‹å§‹åŸ·è¡Œ GPS DATA æŒä¹…åŒ–...[0m
[2025-07-16 05:30:00] [DEBUG] [/Users/guanlin/Desktop/gps_project/PetTracker/cron/persist/gps.go:27] [36må–å¾— 0 ç­†è£ç½®è³‡æ–™, é–‹å§‹è®€å–[0m
[2025-07-16 05:30:00] [INFO] [/Users/guanlin/Desktop/gps_project/PetTracker/cron/routine.go:31] [32måŠå°æ™‚åŸ·è¡Œå®Œç•¢[0m
[2025-07-16 06:00:00] [INFO] [/Users/guanlin/Desktop/gps_project/PetTracker/cron/routine.go:36] [32mæ¯å°æ™‚åŸ·è¡Œç¨‹åº, ç¾åœ¨æ™‚é–“: 06:00:00[0m
[2025-07-16 06:00:00] [INFO] [/Users/guanlin/Desktop/gps_project/PetTracker/cron/routine.go:29] [32mæ¯åŠå°æ™‚åŸ·è¡Œç¨‹åº, ç¾åœ¨æ™‚é–“: 06:00:00[0m
[2025-07-16 06:00:00] [INFO] [/Users/guanlin/Desktop/gps_project/PetTracker/cron/routine.go:37] [32må°æ™‚åŸ·è¡Œå®Œç•¢[0m
[2025-07-16 06:00:00] [INFO] [/Users/guanlin/Desktop/gps_project/PetTracker/cron/persist/gps.go:18] [32mé–‹å§‹åŸ·è¡Œ GPS DATA æŒä¹…åŒ–...[0m
[2025-07-16 06:00:00] [DEBUG] [/Users/guanlin/Desktop/gps_project/PetTracker/cron/persist/gps.go:27] [36må–å¾— 0 ç­†è£ç½®è³‡æ–™, é–‹å§‹è®€å–[0m
[2025-07-16 06:00:00] [INFO] [/Users/guanlin/Desktop/gps_project/PetTracker/cron/routine.go:31] [32måŠå°æ™‚åŸ·è¡Œå®Œç•¢[0m
[2025-07-16 06:30:00] [INFO] [/Users/guanlin/Desktop/gps_project/PetTracker/cron/routine.go:29] [32mæ¯åŠå°æ™‚åŸ·è¡Œç¨‹åº, ç¾åœ¨æ™‚é–“: 06:30:00[0m
[2025-07-16 06:30:00] [INFO] [/Users/guanlin/Desktop/gps_project/PetTracker/cron/persist/gps.go:18] [32mé–‹å§‹åŸ·è¡Œ GPS DATA æŒä¹…åŒ–...[0m
[2025-07-16 06:30:00] [DEBUG] [/Users/guanlin/Desktop/gps_project/PetTracker/cron/persist/gps.go:27] [36må–å¾— 0 ç­†è£ç½®è³‡æ–™, é–‹å§‹è®€å–[0m
[2025-07-16 06:30:00] [INFO] [/Users/guanlin/Desktop/gps_project/PetTracker/cron/routine.go:31] [32måŠå°æ™‚åŸ·è¡Œå®Œç•¢[0m
[2025-07-16 07:00:00] [INFO] [/Users/guanlin/Desktop/gps_project/PetTracker/cron/routine.go:29] [32mæ¯åŠå°æ™‚åŸ·è¡Œç¨‹åº, ç¾åœ¨æ™‚é–“: 07:00:00[0m
[2025-07-16 07:00:00] [INFO] [/Users/guanlin/Desktop/gps_project/PetTracker/cron/routine.go:36] [32mæ¯å°æ™‚åŸ·è¡Œç¨‹åº, ç¾åœ¨æ™‚é–“: 07:00:00[0m
[2025-07-16 07:00:00] [INFO] [/Users/guanlin/Desktop/gps_project/PetTracker/cron/routine.go:37] [32må°æ™‚åŸ·è¡Œå®Œç•¢[0m
[2025-07-16 07:00:00] [INFO] [/Users/guanlin/Desktop/gps_project/PetTracker/cron/persist/gps.go:18] [32mé–‹å§‹åŸ·è¡Œ GPS DATA æŒä¹…åŒ–...[0m
[2025-07-16 07:00:00] [DEBUG] [/Users/guanlin/Desktop/gps_project/PetTracker/cron/persist/gps.go:27] [36må–å¾— 0 ç­†è£ç½®è³‡æ–™, é–‹å§‹è®€å–[0m
[2025-07-16 07:00:00] [INFO] [/Users/guanlin/Desktop/gps_project/PetTracker/cron/routine.go:31] [32måŠå°æ™‚åŸ·è¡Œå®Œç•¢[0m
[2025-07-16 07:30:00] [INFO] [/Users/guanlin/Desktop/gps_project/PetTracker/cron/routine.go:29] [32mæ¯åŠå°æ™‚åŸ·è¡Œç¨‹åº, ç¾åœ¨æ™‚é–“: 07:30:00[0m
[2025-07-16 07:30:00] [INFO] [/Users/guanlin/Desktop/gps_project/PetTracker/cron/persist/gps.go:18] [32mé–‹å§‹åŸ·è¡Œ GPS DATA æŒä¹…åŒ–...[0m
[2025-07-16 07:30:00] [DEBUG] [/Users/guanlin/Desktop/gps_project/PetTracker/cron/persist/gps.go:27] [36må–å¾— 0 ç­†è£ç½®è³‡æ–™, é–‹å§‹è®€å–[0m
[2025-07-16 07:30:00] [INFO] [/Users/guanlin/Desktop/gps_project/PetTracker/cron/routine.go:31] [32måŠå°æ™‚åŸ·è¡Œå®Œç•¢[0m
[2025-07-16 08:00:00] [INFO] [/Users/guanlin/Desktop/gps_project/PetTracker/cron/routine.go:36] [32mæ¯å°æ™‚åŸ·è¡Œç¨‹åº, ç¾åœ¨æ™‚é–“: 08:00:00[0m
[2025-07-16 08:00:00] [INFO] [/Users/guanlin/Desktop/gps_project/PetTracker/cron/routine.go:29] [32mæ¯åŠå°æ™‚åŸ·è¡Œç¨‹åº, ç¾åœ¨æ™‚é–“: 08:00:00[0m
[2025-07-16 08:00:00] [INFO] [/Users/guanlin/Desktop/gps_project/PetTracker/cron/routine.go:37] [32må°æ™‚åŸ·è¡Œå®Œç•¢[0m
[2025-07-16 08:00:00] [INFO] [/Users/guanlin/Desktop/gps_project/PetTracker/cron/persist/gps.go:18] [32mé–‹å§‹åŸ·è¡Œ GPS DATA æŒä¹…åŒ–...[0m
[2025-07-16 08:00:00] [DEBUG] [/Users/guanlin/Desktop/gps_project/PetTracker/cron/persist/gps.go:27] [36må–å¾— 0 ç­†è£ç½®è³‡æ–™, é–‹å§‹è®€å–[0m
[2025-07-16 08:00:00] [INFO] [/Users/guanlin/Desktop/gps_project/PetTracker/cron/routine.go:31] [32måŠå°æ™‚åŸ·è¡Œå®Œç•¢[0m
[2025-07-16 08:30:00] [INFO] [/Users/guanlin/Desktop/gps_project/PetTracker/cron/routine.go:29] [32mæ¯åŠå°æ™‚åŸ·è¡Œç¨‹åº, ç¾åœ¨æ™‚é–“: 08:30:00[0m
[2025-07-16 08:30:00] [INFO] [/Users/guanlin/Desktop/gps_project/PetTracker/cron/persist/gps.go:18] [32mé–‹å§‹åŸ·è¡Œ GPS DATA æŒä¹…åŒ–...[0m
[2025-07-16 08:30:00] [DEBUG] [/Users/guanlin/Desktop/gps_project/PetTracker/cron/persist/gps.go:27] [36må–å¾— 0 ç­†è£ç½®è³‡æ–™, é–‹å§‹è®€å–[0m
[2025-07-16 08:30:00] [INFO] [/Users/guanlin/Desktop/gps_project/PetTracker/cron/routine.go:31] [32måŠå°æ™‚åŸ·è¡Œå®Œç•¢[0m
[2025-07-16 09:00:00] [INFO] [/Users/guanlin/Desktop/gps_project/PetTracker/cron/routine.go:29] [32mæ¯åŠå°æ™‚åŸ·è¡Œç¨‹åº, ç¾åœ¨æ™‚é–“: 09:00:00[0m
[2025-07-16 09:00:00] [INFO] [/Users/guanlin/Desktop/gps_project/PetTracker/cron/routine.go:36] [32mæ¯å°æ™‚åŸ·è¡Œç¨‹åº, ç¾åœ¨æ™‚é–“: 09:00:00[0m
[2025-07-16 09:00:00] [INFO] [/Users/guanlin/Desktop/gps_project/PetTracker/cron/persist/gps.go:18] [32mé–‹å§‹åŸ·è¡Œ GPS DATA æŒä¹…åŒ–...[0m
[2025-07-16 09:00:00] [INFO] [/Users/guanlin/Desktop/gps_project/PetTracker/cron/routine.go:37] [32må°æ™‚åŸ·è¡Œå®Œç•¢[0m
[2025-07-16 09:00:00] [DEBUG] [/Users/guanlin/Desktop/gps_project/PetTracker/cron/persist/gps.go:27] [36må–å¾— 0 ç­†è£ç½®è³‡æ–™, é–‹å§‹è®€å–[0m
[2025-07-16 09:00:00] [INFO] [/Users/guanlin/Desktop/gps_project/PetTracker/cron/routine.go:31] [32måŠå°æ™‚åŸ·è¡Œå®Œç•¢[0m
[2025-07-16 09:30:00] [INFO] [/Users/guanlin/Desktop/gps_project/PetTracker/cron/routine.go:29] [32mæ¯åŠå°æ™‚åŸ·è¡Œç¨‹åº, ç¾åœ¨æ™‚é–“: 09:30:00[0m
[2025-07-16 09:30:00] [INFO] [/Users/guanlin/Desktop/gps_project/PetTracker/cron/persist/gps.go:18] [32mé–‹å§‹åŸ·è¡Œ GPS DATA æŒä¹…åŒ–...[0m
[2025-07-16 09:30:00] [DEBUG] [/Users/guanlin/Desktop/gps_project/PetTracker/cron/persist/gps.go:27] [36må–å¾— 0 ç­†è£ç½®è³‡æ–™, é–‹å§‹è®€å–[0m
[2025-07-16 09:30:00] [INFO] [/Users/guanlin/Desktop/gps_project/PetTracker/cron/routine.go:31] [32måŠå°æ™‚åŸ·è¡Œå®Œç•¢[0m
